This file contains any messages produced by compilers while
running configure, to aid debugging if configure makes a mistake.

It was created by ss_Service configure 1.0, which was
generated by GNU Autoconf 2.61.  Invocation command line was

  $ /Users/tuborg/workspace/ss_Service/configure 

## --------- ##
## Platform. ##
## --------- ##

hostname = orts-nosenko.local
uname -m = i386
uname -r = 10.4.0
uname -s = Darwin
uname -v = Darwin Kernel Version 10.4.0: Fri Apr 23 18:28:53 PDT 2010; root:xnu-1504.7.4~1/RELEASE_I386

/usr/bin/uname -p = i386
/bin/uname -X     = unknown

/bin/arch              = unknown
/usr/bin/arch -k       = unknown
/usr/convex/getsysinfo = unknown
/usr/bin/hostinfo      = Mach kernel version:
	 Darwin Kernel Version 10.4.0: Fri Apr 23 18:28:53 PDT 2010; root:xnu-1504.7.4~1/RELEASE_I386
Kernel configured for up to 2 processors.
2 processors are physically available.
2 processors are logically available.
Processor type: i486 (Intel 80486)
Processors active: 0 1
Primary memory available: 4.00 gigabytes
Default processor set: 89 tasks, 437 threads, 2 processors
Load average: 3.31, Mach factor: 0.31
/bin/machine           = unknown
/usr/bin/oslevel       = unknown
/bin/universe          = unknown

PATH: /usr/bin
PATH: /bin
PATH: /usr/sbin
PATH: /sbin


## ----------- ##
## Core tests. ##
## ----------- ##

configure:1739: checking build system type
configure:1757: result: i386-apple-darwin10.4.0
configure:1779: checking host system type
configure:1794: result: i386-apple-darwin10.4.0
configure:1816: checking target system type
configure:1831: result: i386-apple-darwin10.4.0
configure:1874: checking for a BSD-compatible install
configure:1930: result: /usr/bin/install -c
configure:1941: checking whether build environment is sane
configure:1984: result: yes
configure:2012: checking for a thread-safe mkdir -p
configure:2051: result: ./install-sh -c -d
configure:2064: checking for gawk
configure:2094: result: no
configure:2064: checking for mawk
configure:2094: result: no
configure:2064: checking for nawk
configure:2094: result: no
configure:2064: checking for awk
configure:2080: found /usr/bin/awk
configure:2091: result: awk
configure:2102: checking whether make sets $(MAKE)
configure:2123: result: yes
configure:2370: checking for g++
configure:2386: found /usr/bin/g++
configure:2397: result: g++
configure:2428: checking for C++ compiler version
configure:2435: g++ --version >&5
i686-apple-darwin10-g++-4.2.1 (GCC) 4.2.1 (Apple Inc. build 5664)
Copyright (C) 2007 Free Software Foundation, Inc.
This is free software; see the source for copying conditions.  There is NO
warranty; not even for MERCHANTABILITY or FITNESS FOR A PARTICULAR PURPOSE.

configure:2438: $? = 0
configure:2445: g++ -v >&5
Using built-in specs.
Target: i686-apple-darwin10
Configured with: /var/tmp/gcc/gcc-5664~105/src/configure --disable-checking --enable-werror --prefix=/usr --mandir=/share/man --enable-languages=c,objc,c++,obj-c++ --program-transform-name=/^[cg][^.-]*$/s/$/-4.2/ --with-slibdir=/usr/lib --build=i686-apple-darwin10 --program-prefix=i686-apple-darwin10- --host=x86_64-apple-darwin10 --target=i686-apple-darwin10 --with-gxx-include-dir=/include/c++/4.2.1
Thread model: posix
gcc version 4.2.1 (Apple Inc. build 5664)
configure:2448: $? = 0
configure:2455: g++ -V >&5
g++-4.2: argument to `-V' is missing
configure:2458: $? = 1
configure:2481: checking for C++ compiler default output file name
configure:2508: g++    conftest.cpp  >&5
configure:2511: $? = 0
configure:2549: result: a.out
configure:2566: checking whether the C++ compiler works
configure:2576: ./a.out
configure:2579: $? = 0
configure:2596: result: yes
configure:2603: checking whether we are cross compiling
configure:2605: result: no
configure:2608: checking for suffix of executables
configure:2615: g++ -o conftest    conftest.cpp  >&5
configure:2618: $? = 0
configure:2642: result: 
configure:2648: checking for suffix of object files
configure:2674: g++ -c   conftest.cpp >&5
configure:2677: $? = 0
configure:2700: result: o
configure:2704: checking whether we are using the GNU C++ compiler
configure:2733: g++ -c   conftest.cpp >&5
configure:2739: $? = 0
configure:2756: result: yes
configure:2761: checking whether g++ accepts -g
configure:2791: g++ -c -g  conftest.cpp >&5
configure:2797: $? = 0
configure:2896: result: yes
configure:2930: checking for style of include used by make
configure:2958: result: GNU
configure:2983: checking dependency style of g++
configure:3074: result: gcc3
configure:3236: creating ./config.status

## ---------------------- ##
## Running config.status. ##
## ---------------------- ##

This file was extended by ss_Service config.status 1.0, which was
generated by GNU Autoconf 2.61.  Invocation command line was

  CONFIG_FILES    = 
  CONFIG_HEADERS  = 
  CONFIG_LINKS    = 
  CONFIG_COMMANDS = 
  $ ./config.status 

on orts-nosenko.local

config.status:628: creating Makefile
config.status:628: creating src/Makefile
config.status:819: executing depfiles commands

## ---------------- ##
## Cache variables. ##
## ---------------- ##

ac_cv_build=i386-apple-darwin10.4.0
ac_cv_cxx_compiler_gnu=yes
ac_cv_env_CCC_set=
ac_cv_env_CCC_value=
ac_cv_env_CPPFLAGS_set=
ac_cv_env_CPPFLAGS_value=
ac_cv_env_CXXFLAGS_set=
ac_cv_env_CXXFLAGS_value=
ac_cv_env_CXX_set=
ac_cv_env_CXX_value=
ac_cv_env_LDFLAGS_set=
ac_cv_env_LDFLAGS_value=
ac_cv_env_LIBS_set=
ac_cv_env_LIBS_value=
ac_cv_env_build_alias_set=
ac_cv_env_build_alias_value=
ac_cv_env_host_alias_set=
ac_cv_env_host_alias_value=
ac_cv_env_target_alias_set=
ac_cv_env_target_alias_value=
ac_cv_host=i386-apple-darwin10.4.0
ac_cv_objext=o
ac_cv_path_install='/usr/bin/install -c'
ac_cv_prog_AWK=awk
ac_cv_prog_ac_ct_CXX=g++
ac_cv_prog_cxx_g=yes
ac_cv_prog_make_make_set=yes
ac_cv_target=i386-apple-darwin10.4.0
am_cv_CXX_dependencies_compiler_type=gcc3

## ----------------- ##
## Output variables. ##
## ----------------- ##

ACLOCAL='${SHELL} /Users/tuborg/workspace/ss_Service/missing --run aclocal-1.10'
AMDEPBACKSLASH='\'
AMDEP_FALSE='#'
AMDEP_TRUE=''
AMTAR='${SHELL} /Users/tuborg/workspace/ss_Service/missing --run tar'
AUTOCONF='${SHELL} /Users/tuborg/workspace/ss_Service/missing --run autoconf'
AUTOHEADER='${SHELL} /Users/tuborg/workspace/ss_Service/missing --run autoheader'
AUTOMAKE='${SHELL} /Users/tuborg/workspace/ss_Service/missing --run automake-1.10'
AWK='awk'
CPPFLAGS=''
CXX='g++'
CXXDEPMODE='depmode=gcc3'
CXXFLAGS='-g -O2'
CYGPATH_W='echo'
DEFS='-DPACKAGE_NAME=\"ss_Service\" -DPACKAGE_TARNAME=\"ss_service\" -DPACKAGE_VERSION=\"1.0\" -DPACKAGE_STRING=\"ss_Service\ 1.0\" -DPACKAGE_BUGREPORT=\"\" -DPACKAGE=\"ss_service\" -DVERSION=\"1.0\"'
DEPDIR='.deps'
ECHO_C='ECHO_N=''
ECHO_T=''
EXEEXT=''
INSTALL_DATA='${INSTALL} -m 644'
INSTALL_PROGRAM='${INSTALL}'
INSTALL_SCRIPT='${INSTALL}'
INSTALL_STRIP_PROGRAM='$(install_sh) -c -s'
LDFLAGS=''
LIBOBJS=''
LIBS=''
LTLIBOBJS=''
MAKEINFO='${SHELL} /Users/tuborg/workspace/ss_Service/missing --run makeinfo'
OBJEXT='o'
PACKAGE='ss_service'
PACKAGE_BUGREPORT=''
PACKAGE_NAME='ss_Service'
PACKAGE_STRING='ss_Service 1.0'
PACKAGE_TARNAME='ss_service'
PACKAGE_VERSION='1.0'
PATH_SEPARATOR=':'
SET_MAKE=''
SHELL='/bin/sh'
STRIP=''
VERSION='1.0'
ac_ct_CXX='g++'
am__fastdepCXX_FALSE='#'
am__fastdepCXX_TRUE=''
am__include='include'
am__isrc=''
am__leading_dot='.'
am__quote=''
am__tar='${AMTAR} chof - "$$tardir"'
am__untar='${AMTAR} xf -'
bindir='${exec_prefix}/bin'
build='i386-apple-darwin10.4.0'
build_alias=''
build_cpu='i386'
build_os='darwin10.4.0'
build_vendor='apple'
datadir='${datarootdir}'
datarootdir='${prefix}/share'
docdir='${datarootdir}/doc/${PACKAGE_TARNAME}'
dvidir='${docdir}'
exec_prefix='${prefix}'
host='i386-apple-darwin10.4.0'
host_alias=''
host_cpu='i386'
host_os='darwin10.4.0'
host_vendor='apple'
htmldir='${docdir}'
includedir='${prefix}/include'
infodir='${datarootdir}/info'
install_sh='$(SHELL) /Users/tuborg/workspace/ss_Service/install-sh'
libdir='${exec_prefix}/lib'
libexecdir='${exec_prefix}/libexec'
localedir='${datarootdir}/locale'
localstatedir='${prefix}/var'
mandir='${datarootdir}/man'
mkdir_p='$(top_builddir)/./install-sh -c -d'
oldincludedir='/usr/include'
pdfdir='${docdir}'
prefix='/usr/local'
program_transform_name='s,x,x,'
psdir='${docdir}'
sbindir='${exec_prefix}/sbin'
sharedstatedir='${prefix}/com'
sysconfdir='${prefix}/etc'
target='i386-apple-darwin10.4.0'
target_alias=''
target_cpu='i386'
target_os='darwin10.4.0'
target_vendor='apple'

## ----------- ##
## confdefs.h. ##
## ----------- ##

#define PACKAGE_NAME "ss_Service"
#define PACKAGE_TARNAME "ss_service"
#define PACKAGE_VERSION "1.0"
#define PACKAGE_STRING "ss_Service 1.0"
#define PACKAGE_BUGREPORT ""
#define PACKAGE "ss_service"
#define VERSION "1.0"

configure: exit 0

## ---------------------- ##
## Running config.status. ##
## ---------------------- ##

This file was extended by ss_Service config.status 1.0, which was
generated by GNU Autoconf 2.61.  Invocation command line was

  CONFIG_FILES    = 
  CONFIG_HEADERS  = 
  CONFIG_LINKS    = 
  CONFIG_COMMANDS = 
  $ ./config.status src/auto_config.h

on orts-nosenko.local

config.status:427: error: invalid argument: src/auto_config.h

## ---------------------- ##
## Running config.status. ##
## ---------------------- ##

This file was extended by ss_Service config.status 1.0, which was
generated by GNU Autoconf 2.61.  Invocation command line was

  CONFIG_FILES    = 
  CONFIG_HEADERS  = 
  CONFIG_LINKS    = 
  CONFIG_COMMANDS = 
  $ ./config.status src/auto_config.h

on orts-nosenko.local

config.status:427: error: invalid argument: src/auto_config.h

## ---------------------- ##
## Running config.status. ##
## ---------------------- ##

This file was extended by ss_Service config.status 1.0, which was
generated by GNU Autoconf 2.61.  Invocation command line was

  CONFIG_FILES    = 
  CONFIG_HEADERS  = 
  CONFIG_LINKS    = 
  CONFIG_COMMANDS = 
  $ ./config.status src/auto_config.h

on orts-nosenko.local

config.status:427: error: invalid argument: src/auto_config.h

## ---------------------- ##
## Running config.status. ##
## ---------------------- ##

This file was extended by ss_Service config.status 1.0, which was
generated by GNU Autoconf 2.61.  Invocation command line was

  CONFIG_FILES    = 
  CONFIG_HEADERS  = 
  CONFIG_LINKS    = 
  CONFIG_COMMANDS = 
  $ ./config.status src/auto_config.h

on orts-nosenko.local

config.status:427: error: invalid argument: src/auto_config.h

## ---------------------- ##
## Running config.status. ##
## ---------------------- ##

This file was extended by ss_Service config.status 1.0, which was
generated by GNU Autoconf 2.61.  Invocation command line was

  CONFIG_FILES    = 
  CONFIG_HEADERS  = 
  CONFIG_LINKS    = 
  CONFIG_COMMANDS = 
  $ ./config.status src/auto_config.h

on orts-nosenko.local

config.status:427: error: invalid argument: src/auto_config.h

## ---------------------- ##
## Running config.status. ##
## ---------------------- ##

This file was extended by ss_Service config.status 1.0, which was
generated by GNU Autoconf 2.61.  Invocation command line was

  CONFIG_FILES    = 
  CONFIG_HEADERS  = 
  CONFIG_LINKS    = 
  CONFIG_COMMANDS = 
  $ ./config.status src/Makefile depfiles

on orts-nosenko.local

config.status:628: creating src/Makefile
config.status:819: executing depfiles commands
