\BOOKMARK [0][-]{chapter.1}{\376\377\000T\000o\000d\000o\000\040\000L\000i\000s\000t}{}
\BOOKMARK [0][-]{chapter.2}{\376\377\000D\000i\000r\000e\000c\000t\000o\000r\000y\000\040\000H\000i\000e\000r\000a\000r\000c\000h\000y}{}
\BOOKMARK [1][-]{section.2.1}{\376\377\000D\000i\000r\000e\000c\000t\000o\000r\000i\000e\000s}{chapter.2}
\BOOKMARK [0][-]{chapter.3}{\376\377\000C\000l\000a\000s\000s\000\040\000I\000n\000d\000e\000x}{}
\BOOKMARK [1][-]{section.3.1}{\376\377\000C\000l\000a\000s\000s\000\040\000L\000i\000s\000t}{chapter.3}
\BOOKMARK [0][-]{chapter.4}{\376\377\000F\000i\000l\000e\000\040\000I\000n\000d\000e\000x}{}
\BOOKMARK [1][-]{section.4.1}{\376\377\000F\000i\000l\000e\000\040\000L\000i\000s\000t}{chapter.4}
\BOOKMARK [0][-]{chapter.5}{\376\377\000D\000i\000r\000e\000c\000t\000o\000r\000y\000\040\000D\000o\000c\000u\000m\000e\000n\000t\000a\000t\000i\000o\000n}{}
\BOOKMARK [1][-]{section.5.1}{\376\377\000s\000r\000c\000/\000a\000r\000g\000\137\000p\000a\000r\000s\000e\000r\000/\000\040\000D\000i\000r\000e\000c\000t\000o\000r\000y\000\040\000R\000e\000f\000e\000r\000e\000n\000c\000e}{chapter.5}
\BOOKMARK [1][-]{section.5.2}{\376\377\000s\000r\000c\000/\000b\000u\000f\000f\000e\000r\000/\000\040\000D\000i\000r\000e\000c\000t\000o\000r\000y\000\040\000R\000e\000f\000e\000r\000e\000n\000c\000e}{chapter.5}
\BOOKMARK [1][-]{section.5.3}{\376\377\000s\000r\000c\000/\000d\000e\000q\000U\000d\000p\000/\000\040\000D\000i\000r\000e\000c\000t\000o\000r\000y\000\040\000R\000e\000f\000e\000r\000e\000n\000c\000e}{chapter.5}
\BOOKMARK [1][-]{section.5.4}{\376\377\000s\000r\000c\000/\000s\000r\000v\000A\000p\000p\000L\000a\000y\000e\000r\000/\000f\000u\000n\000c\000t\000i\000o\000n\000N\000o\000d\000e\000/\000\040\000D\000i\000r\000e\000c\000t\000o\000r\000y\000\040\000R\000e\000f\000e\000r\000e\000n\000c\000e}{chapter.5}
\BOOKMARK [1][-]{section.5.5}{\376\377\000s\000r\000c\000/\000f\000u\000n\000c\000t\000i\000o\000n\000s\000/\000\040\000D\000i\000r\000e\000c\000t\000o\000r\000y\000\040\000R\000e\000f\000e\000r\000e\000n\000c\000e}{chapter.5}
\BOOKMARK [1][-]{section.5.6}{\376\377\000s\000r\000c\000/\000\040\000D\000i\000r\000e\000c\000t\000o\000r\000y\000\040\000R\000e\000f\000e\000r\000e\000n\000c\000e}{chapter.5}
\BOOKMARK [1][-]{section.5.7}{\376\377\000s\000r\000c\000/\000s\000r\000v\000A\000p\000p\000L\000a\000y\000e\000r\000/\000\040\000D\000i\000r\000e\000c\000t\000o\000r\000y\000\040\000R\000e\000f\000e\000r\000e\000n\000c\000e}{chapter.5}
\BOOKMARK [0][-]{chapter.6}{\376\377\000C\000l\000a\000s\000s\000\040\000D\000o\000c\000u\000m\000e\000n\000t\000a\000t\000i\000o\000n}{}
\BOOKMARK [1][-]{section.6.1}{\376\377\000a\000p\000\137\000O\000p\000t\000i\000o\000n\000\040\000S\000t\000r\000u\000c\000t\000\040\000R\000e\000f\000e\000r\000e\000n\000c\000e}{chapter.6}
\BOOKMARK [2][-]{subsection.6.1.1}{\376\377\000D\000e\000t\000a\000i\000l\000e\000d\000\040\000D\000e\000s\000c\000r\000i\000p\000t\000i\000o\000n}{section.6.1}
\BOOKMARK [2][-]{subsection.6.1.2}{\376\377\000M\000e\000m\000b\000e\000r\000\040\000D\000a\000t\000a\000\040\000D\000o\000c\000u\000m\000e\000n\000t\000a\000t\000i\000o\000n}{section.6.1}
\BOOKMARK [3][-]{subsubsection.6.1.2.1}{\376\377\000c\000o\000d\000e}{subsection.6.1.2}
\BOOKMARK [3][-]{subsubsection.6.1.2.2}{\376\377\000n\000a\000m\000e}{subsection.6.1.2}
\BOOKMARK [3][-]{subsubsection.6.1.2.3}{\376\377\000h\000a\000s\000\137\000a\000r\000g}{subsection.6.1.2}
\BOOKMARK [1][-]{section.6.2}{\376\377\000a\000p\000\137\000R\000e\000c\000o\000r\000d\000\040\000S\000t\000r\000u\000c\000t\000\040\000R\000e\000f\000e\000r\000e\000n\000c\000e}{chapter.6}
\BOOKMARK [2][-]{subsection.6.2.1}{\376\377\000D\000e\000t\000a\000i\000l\000e\000d\000\040\000D\000e\000s\000c\000r\000i\000p\000t\000i\000o\000n}{section.6.2}
\BOOKMARK [2][-]{subsection.6.2.2}{\376\377\000M\000e\000m\000b\000e\000r\000\040\000D\000a\000t\000a\000\040\000D\000o\000c\000u\000m\000e\000n\000t\000a\000t\000i\000o\000n}{section.6.2}
\BOOKMARK [3][-]{subsubsection.6.2.2.1}{\376\377\000c\000o\000d\000e}{subsection.6.2.2}
\BOOKMARK [3][-]{subsubsection.6.2.2.2}{\376\377\000a\000r\000g\000u\000m\000e\000n\000t}{subsection.6.2.2}
\BOOKMARK [1][-]{section.6.3}{\376\377\000A\000r\000g\000\137\000p\000a\000r\000s\000e\000r\000\040\000S\000t\000r\000u\000c\000t\000\040\000R\000e\000f\000e\000r\000e\000n\000c\000e}{chapter.6}
\BOOKMARK [2][-]{subsection.6.3.1}{\376\377\000D\000e\000t\000a\000i\000l\000e\000d\000\040\000D\000e\000s\000c\000r\000i\000p\000t\000i\000o\000n}{section.6.3}
\BOOKMARK [2][-]{subsection.6.3.2}{\376\377\000M\000e\000m\000b\000e\000r\000\040\000D\000a\000t\000a\000\040\000D\000o\000c\000u\000m\000e\000n\000t\000a\000t\000i\000o\000n}{section.6.3}
\BOOKMARK [3][-]{subsubsection.6.3.2.1}{\376\377\000d\000a\000t\000a}{subsection.6.3.2}
\BOOKMARK [3][-]{subsubsection.6.3.2.2}{\376\377\000e\000r\000r\000o\000r}{subsection.6.3.2}
\BOOKMARK [3][-]{subsubsection.6.3.2.3}{\376\377\000d\000a\000t\000a\000\137\000s\000i\000z\000e}{subsection.6.3.2}
\BOOKMARK [3][-]{subsubsection.6.3.2.4}{\376\377\000e\000r\000r\000o\000r\000\137\000s\000i\000z\000e}{subsection.6.3.2}
\BOOKMARK [1][-]{section.6.4}{\376\377\000b\000u\000f\000f\000e\000r\000\040\000C\000l\000a\000s\000s\000\040\000R\000e\000f\000e\000r\000e\000n\000c\000e}{chapter.6}
\BOOKMARK [2][-]{subsection.6.4.1}{\376\377\000D\000e\000t\000a\000i\000l\000e\000d\000\040\000D\000e\000s\000c\000r\000i\000p\000t\000i\000o\000n}{section.6.4}
\BOOKMARK [2][-]{subsection.6.4.2}{\376\377\000C\000o\000n\000s\000t\000r\000u\000c\000t\000o\000r\000\040\000\046\000\040\000D\000e\000s\000t\000r\000u\000c\000t\000o\000r\000\040\000D\000o\000c\000u\000m\000e\000n\000t\000a\000t\000i\000o\000n}{section.6.4}
\BOOKMARK [3][-]{subsubsection.6.4.2.1}{\376\377\000b\000u\000f\000f\000e\000r}{subsection.6.4.2}
\BOOKMARK [3][-]{subsubsection.6.4.2.2}{\376\377\000b\000u\000f\000f\000e\000r}{subsection.6.4.2}
\BOOKMARK [2][-]{subsection.6.4.3}{\376\377\000M\000e\000m\000b\000e\000r\000\040\000F\000u\000n\000c\000t\000i\000o\000n\000\040\000D\000o\000c\000u\000m\000e\000n\000t\000a\000t\000i\000o\000n}{section.6.4}
\BOOKMARK [3][-]{subsubsection.6.4.3.1}{\376\377\000w\000r\000i\000t\000e}{subsection.6.4.3}
\BOOKMARK [3][-]{subsubsection.6.4.3.2}{\376\377\000r\000e\000a\000d}{subsection.6.4.3}
\BOOKMARK [3][-]{subsubsection.6.4.3.3}{\376\377\000l\000e\000n\000g\000t\000h}{subsection.6.4.3}
\BOOKMARK [3][-]{subsubsection.6.4.3.4}{\376\377\000l\000o\000c\000k\000B\000u\000f\000f\000e\000r\000C\000h\000u\000n\000k\000F\000o\000r\000E\000x\000t\000e\000r\000n\000W\000r\000i\000t\000i\000n\000g}{subsection.6.4.3}
\BOOKMARK [3][-]{subsubsection.6.4.3.5}{\376\377\000u\000n\000l\000o\000c\000k\000B\000u\000f\000f\000e\000r\000C\000h\000u\000n\000k\000F\000o\000r\000E\000x\000t\000e\000r\000n\000W\000r\000i\000t\000i\000n\000g}{subsection.6.4.3}
\BOOKMARK [3][-]{subsubsection.6.4.3.6}{\376\377\000r\000e\000m\000o\000v\000e\000B\000u\000f\000f\000e\000r\000C\000h\000u\000n\000k}{subsection.6.4.3}
\BOOKMARK [3][-]{subsubsection.6.4.3.7}{\376\377\000c\000o\000p\000y\000B\000u\000f\000f\000e\000r\000C\000h\000u\000n\000k\000T\000o}{subsection.6.4.3}
\BOOKMARK [3][-]{subsubsection.6.4.3.8}{\376\377\000d\000b\000g\000P\000r\000i\000n\000t}{subsection.6.4.3}
\BOOKMARK [2][-]{subsection.6.4.4}{\376\377\000M\000e\000m\000b\000e\000r\000\040\000D\000a\000t\000a\000\040\000D\000o\000c\000u\000m\000e\000n\000t\000a\000t\000i\000o\000n}{section.6.4}
\BOOKMARK [3][-]{subsubsection.6.4.4.1}{\376\377\000b\000u\000f\000f}{subsection.6.4.4}
\BOOKMARK [3][-]{subsubsection.6.4.4.2}{\376\377\000W\000r\000R\000e\000f}{subsection.6.4.4}
\BOOKMARK [3][-]{subsubsection.6.4.4.3}{\376\377\000R\000d\000R\000e\000f}{subsection.6.4.4}
\BOOKMARK [3][-]{subsubsection.6.4.4.4}{\376\377\000b\000u\000f\000f\000S\000i\000z\000e}{subsection.6.4.4}
\BOOKMARK [3][-]{subsubsection.6.4.4.5}{\376\377\000w\000r\000i\000t\000i\000n\000g\000L\000o\000c\000k}{subsection.6.4.4}
\BOOKMARK [1][-]{section.6.5}{\376\377\000c\000o\000m\000m\000o\000n\000F\000u\000n\000c\000s\000M\000g\000r\000\040\000C\000l\000a\000s\000s\000\040\000R\000e\000f\000e\000r\000e\000n\000c\000e}{chapter.6}
\BOOKMARK [2][-]{subsection.6.5.1}{\376\377\000D\000e\000t\000a\000i\000l\000e\000d\000\040\000D\000e\000s\000c\000r\000i\000p\000t\000i\000o\000n}{section.6.5}
\BOOKMARK [2][-]{subsection.6.5.2}{\376\377\000C\000o\000n\000s\000t\000r\000u\000c\000t\000o\000r\000\040\000\046\000\040\000D\000e\000s\000t\000r\000u\000c\000t\000o\000r\000\040\000D\000o\000c\000u\000m\000e\000n\000t\000a\000t\000i\000o\000n}{section.6.5}
\BOOKMARK [3][-]{subsubsection.6.5.2.1}{\376\377\000c\000o\000m\000m\000o\000n\000F\000u\000n\000c\000s\000M\000g\000r}{subsection.6.5.2}
\BOOKMARK [3][-]{subsubsection.6.5.2.2}{\376\377\000c\000o\000m\000m\000o\000n\000F\000u\000n\000c\000s\000M\000g\000r}{subsection.6.5.2}
\BOOKMARK [2][-]{subsection.6.5.3}{\376\377\000M\000e\000m\000b\000e\000r\000\040\000F\000u\000n\000c\000t\000i\000o\000n\000\040\000D\000o\000c\000u\000m\000e\000n\000t\000a\000t\000i\000o\000n}{section.6.5}
\BOOKMARK [3][-]{subsubsection.6.5.3.1}{\376\377\000s\000t\000a\000r\000t\000C\000o\000m\000m\000o\000n\000F\000u\000n\000c\000s}{subsection.6.5.3}
\BOOKMARK [3][-]{subsubsection.6.5.3.2}{\376\377\000s\000t\000o\000p\000C\000o\000m\000m\000o\000n\000F\000u\000n\000c\000s}{subsection.6.5.3}
\BOOKMARK [2][-]{subsection.6.5.4}{\376\377\000M\000e\000m\000b\000e\000r\000\040\000D\000a\000t\000a\000\040\000D\000o\000c\000u\000m\000e\000n\000t\000a\000t\000i\000o\000n}{section.6.5}
\BOOKMARK [3][-]{subsubsection.6.5.4.1}{\376\377\000a\000p\000p\000L\000a\000y\000e\000r}{subsection.6.5.4}
\BOOKMARK [1][-]{section.6.6}{\376\377\000d\000e\000q\000U\000d\000p\000\040\000C\000l\000a\000s\000s\000\040\000R\000e\000f\000e\000r\000e\000n\000c\000e}{chapter.6}
\BOOKMARK [2][-]{subsection.6.6.1}{\376\377\000D\000e\000t\000a\000i\000l\000e\000d\000\040\000D\000e\000s\000c\000r\000i\000p\000t\000i\000o\000n}{section.6.6}
\BOOKMARK [2][-]{subsection.6.6.2}{\376\377\000C\000o\000n\000s\000t\000r\000u\000c\000t\000o\000r\000\040\000\046\000\040\000D\000e\000s\000t\000r\000u\000c\000t\000o\000r\000\040\000D\000o\000c\000u\000m\000e\000n\000t\000a\000t\000i\000o\000n}{section.6.6}
\BOOKMARK [3][-]{subsubsection.6.6.2.1}{\376\377\000d\000e\000q\000U\000d\000p}{subsection.6.6.2}
\BOOKMARK [3][-]{subsubsection.6.6.2.2}{\376\377\000d\000e\000q\000U\000d\000p}{subsection.6.6.2}
\BOOKMARK [2][-]{subsection.6.6.3}{\376\377\000M\000e\000m\000b\000e\000r\000\040\000F\000u\000n\000c\000t\000i\000o\000n\000\040\000D\000o\000c\000u\000m\000e\000n\000t\000a\000t\000i\000o\000n}{section.6.6}
\BOOKMARK [3][-]{subsubsection.6.6.3.1}{\376\377\000s\000e\000n\000d\000D\000a\000t\000a}{subsection.6.6.3}
\BOOKMARK [3][-]{subsubsection.6.6.3.2}{\376\377\000r\000e\000a\000d\000D\000a\000t\000a}{subsection.6.6.3}
\BOOKMARK [1][-]{section.6.7}{\376\377\000f\000u\000n\000c\000t\000i\000o\000n\000N\000o\000d\000e\000\040\000C\000l\000a\000s\000s\000\040\000R\000e\000f\000e\000r\000e\000n\000c\000e}{chapter.6}
\BOOKMARK [2][-]{subsection.6.7.1}{\376\377\000D\000e\000t\000a\000i\000l\000e\000d\000\040\000D\000e\000s\000c\000r\000i\000p\000t\000i\000o\000n}{section.6.7}
\BOOKMARK [2][-]{subsection.6.7.2}{\376\377\000C\000o\000n\000s\000t\000r\000u\000c\000t\000o\000r\000\040\000\046\000\040\000D\000e\000s\000t\000r\000u\000c\000t\000o\000r\000\040\000D\000o\000c\000u\000m\000e\000n\000t\000a\000t\000i\000o\000n}{section.6.7}
\BOOKMARK [3][-]{subsubsection.6.7.2.1}{\376\377\000f\000u\000n\000c\000t\000i\000o\000n\000N\000o\000d\000e}{subsection.6.7.2}
\BOOKMARK [3][-]{subsubsection.6.7.2.2}{\376\377\000f\000u\000n\000c\000t\000i\000o\000n\000N\000o\000d\000e}{subsection.6.7.2}
\BOOKMARK [2][-]{subsection.6.7.3}{\376\377\000M\000e\000m\000b\000e\000r\000\040\000F\000u\000n\000c\000t\000i\000o\000n\000\040\000D\000o\000c\000u\000m\000e\000n\000t\000a\000t\000i\000o\000n}{section.6.7}
\BOOKMARK [3][-]{subsubsection.6.7.3.1}{\376\377\000s\000e\000t\000F\000u\000n\000c\000N\000a\000m\000e}{subsection.6.7.3}
\BOOKMARK [3][-]{subsubsection.6.7.3.2}{\376\377\000s\000e\000t\000P\000a\000r\000a\000m\000D\000e\000s\000c\000r\000i\000p\000t\000o\000r}{subsection.6.7.3}
\BOOKMARK [3][-]{subsubsection.6.7.3.3}{\376\377\000s\000e\000t\000R\000e\000s\000u\000l\000t\000D\000e\000s\000c\000r\000i\000p\000t\000o\000r}{subsection.6.7.3}
\BOOKMARK [3][-]{subsubsection.6.7.3.4}{\376\377\000s\000e\000t\000P\000a\000r\000a\000m\000N\000a\000m\000e}{subsection.6.7.3}
\BOOKMARK [3][-]{subsubsection.6.7.3.5}{\376\377\000s\000e\000t\000R\000e\000s\000u\000l\000t\000N\000a\000m\000e}{subsection.6.7.3}
\BOOKMARK [3][-]{subsubsection.6.7.3.6}{\376\377\000g\000e\000t\000P\000a\000r\000a\000m\000L\000e\000n\000g\000t\000h}{subsection.6.7.3}
\BOOKMARK [3][-]{subsubsection.6.7.3.7}{\376\377\000g\000e\000t\000P\000a\000r\000a\000m\000T\000y\000p\000e}{subsection.6.7.3}
\BOOKMARK [3][-]{subsubsection.6.7.3.8}{\376\377\000g\000e\000t\000P\000a\000r\000a\000m\000s\000Q\000u\000a\000n\000t\000i\000t\000y}{subsection.6.7.3}
\BOOKMARK [3][-]{subsubsection.6.7.3.9}{\376\377\000g\000e\000t\000A\000l\000l\000P\000a\000r\000a\000m\000s\000L\000e\000n\000g\000t\000h}{subsection.6.7.3}
\BOOKMARK [3][-]{subsubsection.6.7.3.10}{\376\377\000d\000e\000c\000o\000d\000e\000P\000a\000r\000a\000m\000s}{subsection.6.7.3}
\BOOKMARK [3][-]{subsubsection.6.7.3.11}{\376\377\000s\000e\000t\000P\000a\000r\000a\000m}{subsection.6.7.3}
\BOOKMARK [3][-]{subsubsection.6.7.3.12}{\376\377\000g\000e\000t\000P\000a\000r\000a\000m\000P\000t\000r}{subsection.6.7.3}
\BOOKMARK [3][-]{subsubsection.6.7.3.13}{\376\377\000g\000e\000t\000R\000e\000s\000u\000l\000t\000s\000Q\000u\000a\000n\000t\000i\000t\000y}{subsection.6.7.3}
\BOOKMARK [3][-]{subsubsection.6.7.3.14}{\376\377\000g\000e\000t\000A\000l\000l\000R\000e\000s\000u\000l\000t\000s\000L\000e\000n\000g\000t\000h}{subsection.6.7.3}
\BOOKMARK [3][-]{subsubsection.6.7.3.15}{\376\377\000g\000e\000t\000R\000e\000s\000u\000l\000t\000L\000e\000n\000g\000t\000h}{subsection.6.7.3}
\BOOKMARK [3][-]{subsubsection.6.7.3.16}{\376\377\000g\000e\000t\000R\000e\000s\000u\000l\000t\000T\000y\000p\000e}{subsection.6.7.3}
\BOOKMARK [3][-]{subsubsection.6.7.3.17}{\376\377\000g\000e\000t\000R\000e\000s\000u\000l\000t}{subsection.6.7.3}
\BOOKMARK [3][-]{subsubsection.6.7.3.18}{\376\377\000s\000e\000t\000R\000e\000s\000u\000l\000t}{subsection.6.7.3}
\BOOKMARK [3][-]{subsubsection.6.7.3.19}{\376\377\000p\000r\000i\000n\000t\000P\000a\000r\000a\000m\000s}{subsection.6.7.3}
\BOOKMARK [3][-]{subsubsection.6.7.3.20}{\376\377\000p\000r\000i\000n\000t\000R\000e\000s\000u\000l\000t\000s}{subsection.6.7.3}
\BOOKMARK [3][-]{subsubsection.6.7.3.21}{\376\377\000c\000a\000l\000l\000F\000u\000n\000c\000t\000i\000o\000n}{subsection.6.7.3}
\BOOKMARK [3][-]{subsubsection.6.7.3.22}{\376\377\000i\000d}{subsection.6.7.3}
\BOOKMARK [3][-]{subsubsection.6.7.3.23}{\376\377\000d\000b\000g\000P\000r\000i\000n\000t}{subsection.6.7.3}
\BOOKMARK [2][-]{subsection.6.7.4}{\376\377\000M\000e\000m\000b\000e\000r\000\040\000D\000a\000t\000a\000\040\000D\000o\000c\000u\000m\000e\000n\000t\000a\000t\000i\000o\000n}{section.6.7}
\BOOKMARK [3][-]{subsubsection.6.7.4.1}{\376\377\000f\000u\000n\000c\000\137\000i\000d}{subsection.6.7.4}
\BOOKMARK [3][-]{subsubsection.6.7.4.2}{\376\377\000f\000u\000n\000c\000\137\000n\000a\000m\000e}{subsection.6.7.4}
\BOOKMARK [3][-]{subsubsection.6.7.4.3}{\376\377\000f\000u\000n\000c\000\137\000p\000a\000r\000a\000m\000s\000Q\000u\000a\000n\000t\000i\000t\000y}{subsection.6.7.4}
\BOOKMARK [3][-]{subsubsection.6.7.4.4}{\376\377\000f\000u\000n\000c\000\137\000r\000e\000s\000u\000l\000t\000s\000Q\000u\000a\000n\000t\000i\000t\000y}{subsection.6.7.4}
\BOOKMARK [3][-]{subsubsection.6.7.4.5}{\376\377\000f\000u\000n\000c\000\137\000p\000a\000r\000a\000m\000s\000L\000e\000n\000g\000t\000h}{subsection.6.7.4}
\BOOKMARK [3][-]{subsubsection.6.7.4.6}{\376\377\000f\000u\000n\000c\000\137\000r\000e\000s\000u\000l\000t\000s\000L\000e\000n\000g\000t\000h}{subsection.6.7.4}
\BOOKMARK [3][-]{subsubsection.6.7.4.7}{\376\377\000f\000u\000n\000c\000\137\000p\000a\000r\000a\000m\000s}{subsection.6.7.4}
\BOOKMARK [3][-]{subsubsection.6.7.4.8}{\376\377\000f\000u\000n\000c\000\137\000r\000e\000s\000u\000l\000t\000s}{subsection.6.7.4}
\BOOKMARK [3][-]{subsubsection.6.7.4.9}{\376\377\000f\000u\000n\000c}{subsection.6.7.4}
\BOOKMARK [1][-]{section.6.8}{\376\377\000p\000a\000r\000a\000m\000\137\000d\000e\000s\000c\000\040\000C\000l\000a\000s\000s\000\040\000R\000e\000f\000e\000r\000e\000n\000c\000e}{chapter.6}
\BOOKMARK [2][-]{subsection.6.8.1}{\376\377\000D\000e\000t\000a\000i\000l\000e\000d\000\040\000D\000e\000s\000c\000r\000i\000p\000t\000i\000o\000n}{section.6.8}
\BOOKMARK [2][-]{subsection.6.8.2}{\376\377\000C\000o\000n\000s\000t\000r\000u\000c\000t\000o\000r\000\040\000\046\000\040\000D\000e\000s\000t\000r\000u\000c\000t\000o\000r\000\040\000D\000o\000c\000u\000m\000e\000n\000t\000a\000t\000i\000o\000n}{section.6.8}
\BOOKMARK [3][-]{subsubsection.6.8.2.1}{\376\377\000p\000a\000r\000a\000m\000\137\000d\000e\000s\000c}{subsection.6.8.2}
\BOOKMARK [3][-]{subsubsection.6.8.2.2}{\376\377\000p\000a\000r\000a\000m\000\137\000d\000e\000s\000c}{subsection.6.8.2}
\BOOKMARK [3][-]{subsubsection.6.8.2.3}{\376\377\000p\000a\000r\000a\000m\000\137\000d\000e\000s\000c}{subsection.6.8.2}
\BOOKMARK [2][-]{subsection.6.8.3}{\376\377\000M\000e\000m\000b\000e\000r\000\040\000F\000u\000n\000c\000t\000i\000o\000n\000\040\000D\000o\000c\000u\000m\000e\000n\000t\000a\000t\000i\000o\000n}{section.6.8}
\BOOKMARK [3][-]{subsubsection.6.8.3.1}{\376\377\000r\000e\000s\000i\000z\000e}{subsection.6.8.3}
\BOOKMARK [3][-]{subsubsection.6.8.3.2}{\376\377\000v\000a\000l\000u\000e}{subsection.6.8.3}
\BOOKMARK [3][-]{subsubsection.6.8.3.3}{\376\377\000l\000e\000n\000g\000t\000h}{subsection.6.8.3}
\BOOKMARK [3][-]{subsubsection.6.8.3.4}{\376\377\000t\000y\000p\000e}{subsection.6.8.3}
\BOOKMARK [3][-]{subsubsection.6.8.3.5}{\376\377\000i\000s\000V\000e\000c\000t\000o\000r}{subsection.6.8.3}
\BOOKMARK [3][-]{subsubsection.6.8.3.6}{\376\377\000s\000e\000t\000P\000a\000r\000a\000m}{subsection.6.8.3}
\BOOKMARK [3][-]{subsubsection.6.8.3.7}{\376\377\000s\000e\000t\000N\000a\000m\000e}{subsection.6.8.3}
\BOOKMARK [3][-]{subsubsection.6.8.3.8}{\376\377\000p\000r\000i\000n\000t\000P\000a\000r\000a\000m}{subsection.6.8.3}
\BOOKMARK [3][-]{subsubsection.6.8.3.9}{\376\377\000d\000b\000g\000P\000r\000i\000n\000t}{subsection.6.8.3}
\BOOKMARK [2][-]{subsection.6.8.4}{\376\377\000M\000e\000m\000b\000e\000r\000\040\000D\000a\000t\000a\000\040\000D\000o\000c\000u\000m\000e\000n\000t\000a\000t\000i\000o\000n}{section.6.8}
\BOOKMARK [3][-]{subsubsection.6.8.4.1}{\376\377\000p\000a\000r\000a\000m}{subsection.6.8.4}
\BOOKMARK [3][-]{subsubsection.6.8.4.2}{\376\377\000p\000a\000r\000a\000m\000\137\000n\000a\000m\000e}{subsection.6.8.4}
\BOOKMARK [3][-]{subsubsection.6.8.4.3}{\376\377\000\137\000l\000e\000n\000g\000t\000h}{subsection.6.8.4}
\BOOKMARK [3][-]{subsubsection.6.8.4.4}{\376\377\000\137\000t\000y\000p\000e}{subsection.6.8.4}
\BOOKMARK [3][-]{subsubsection.6.8.4.5}{\376\377\000\137\000i\000s\000V\000e\000c\000t\000o\000r}{subsection.6.8.4}
\BOOKMARK [1][-]{section.6.9}{\376\377\000s\000e\000r\000v\000i\000c\000e\000S\000t\000a\000t\000e\000\040\000S\000t\000r\000u\000c\000t\000\040\000R\000e\000f\000e\000r\000e\000n\000c\000e}{chapter.6}
\BOOKMARK [2][-]{subsection.6.9.1}{\376\377\000D\000e\000t\000a\000i\000l\000e\000d\000\040\000D\000e\000s\000c\000r\000i\000p\000t\000i\000o\000n}{section.6.9}
\BOOKMARK [2][-]{subsection.6.9.2}{\376\377\000M\000e\000m\000b\000e\000r\000\040\000D\000a\000t\000a\000\040\000D\000o\000c\000u\000m\000e\000n\000t\000a\000t\000i\000o\000n}{section.6.9}
\BOOKMARK [3][-]{subsubsection.6.9.2.1}{\376\377\000l\000i\000n\000k\000e\000d}{subsection.6.9.2}
\BOOKMARK [3][-]{subsubsection.6.9.2.2}{\376\377\000r\000e\000s\000e\000r\000v\000e\000d}{subsection.6.9.2}
\BOOKMARK [3][-]{subsubsection.6.9.2.3}{\376\377\000i\000n\000p\000r\000o\000c\000e\000s\000s}{subsection.6.9.2}
\BOOKMARK [3][-]{subsubsection.6.9.2.4}{\376\377\000m\000o\000d\000e\000\137\000e\000m\000e\000r\000g\000e\000n\000c\000y}{subsection.6.9.2}
\BOOKMARK [3][-]{subsubsection.6.9.2.5}{\376\377\000m\000o\000d\000e\000\137\000m\000a\000n\000u\000a\000l}{subsection.6.9.2}
\BOOKMARK [3][-]{subsubsection.6.9.2.6}{\376\377\000m\000o\000d\000e\000\137\000a\000u\000t\000o}{subsection.6.9.2}
\BOOKMARK [1][-]{section.6.10}{\376\377\000s\000p\000e\000c\000F\000u\000n\000c\000s\000M\000g\000r\000\040\000C\000l\000a\000s\000s\000\040\000R\000e\000f\000e\000r\000e\000n\000c\000e}{chapter.6}
\BOOKMARK [2][-]{subsection.6.10.1}{\376\377\000D\000e\000t\000a\000i\000l\000e\000d\000\040\000D\000e\000s\000c\000r\000i\000p\000t\000i\000o\000n}{section.6.10}
\BOOKMARK [2][-]{subsection.6.10.2}{\376\377\000C\000o\000n\000s\000t\000r\000u\000c\000t\000o\000r\000\040\000\046\000\040\000D\000e\000s\000t\000r\000u\000c\000t\000o\000r\000\040\000D\000o\000c\000u\000m\000e\000n\000t\000a\000t\000i\000o\000n}{section.6.10}
\BOOKMARK [3][-]{subsubsection.6.10.2.1}{\376\377\000s\000p\000e\000c\000F\000u\000n\000c\000s\000M\000g\000r}{subsection.6.10.2}
\BOOKMARK [3][-]{subsubsection.6.10.2.2}{\376\377\000s\000p\000e\000c\000F\000u\000n\000c\000s\000M\000g\000r}{subsection.6.10.2}
\BOOKMARK [2][-]{subsection.6.10.3}{\376\377\000M\000e\000m\000b\000e\000r\000\040\000F\000u\000n\000c\000t\000i\000o\000n\000\040\000D\000o\000c\000u\000m\000e\000n\000t\000a\000t\000i\000o\000n}{section.6.10}
\BOOKMARK [3][-]{subsubsection.6.10.3.1}{\376\377\000s\000t\000a\000r\000t\000S\000p\000e\000c\000F\000u\000n\000c\000s}{subsection.6.10.3}
\BOOKMARK [3][-]{subsubsection.6.10.3.2}{\376\377\000s\000t\000o\000p\000S\000p\000e\000c\000F\000u\000n\000c\000s}{subsection.6.10.3}
\BOOKMARK [2][-]{subsection.6.10.4}{\376\377\000M\000e\000m\000b\000e\000r\000\040\000D\000a\000t\000a\000\040\000D\000o\000c\000u\000m\000e\000n\000t\000a\000t\000i\000o\000n}{section.6.10}
\BOOKMARK [3][-]{subsubsection.6.10.4.1}{\376\377\000a\000p\000p\000L\000a\000y\000e\000r}{subsection.6.10.4}
\BOOKMARK [1][-]{section.6.11}{\376\377\000s\000r\000v\000A\000p\000p\000L\000a\000y\000e\000r\000\040\000C\000l\000a\000s\000s\000\040\000R\000e\000f\000e\000r\000e\000n\000c\000e}{chapter.6}
\BOOKMARK [2][-]{subsection.6.11.1}{\376\377\000D\000e\000t\000a\000i\000l\000e\000d\000\040\000D\000e\000s\000c\000r\000i\000p\000t\000i\000o\000n}{section.6.11}
\BOOKMARK [2][-]{subsection.6.11.2}{\376\377\000C\000o\000n\000s\000t\000r\000u\000c\000t\000o\000r\000\040\000\046\000\040\000D\000e\000s\000t\000r\000u\000c\000t\000o\000r\000\040\000D\000o\000c\000u\000m\000e\000n\000t\000a\000t\000i\000o\000n}{section.6.11}
\BOOKMARK [3][-]{subsubsection.6.11.2.1}{\376\377\000s\000r\000v\000A\000p\000p\000L\000a\000y\000e\000r}{subsection.6.11.2}
\BOOKMARK [3][-]{subsubsection.6.11.2.2}{\376\377\000s\000r\000v\000A\000p\000p\000L\000a\000y\000e\000r}{subsection.6.11.2}
\BOOKMARK [2][-]{subsection.6.11.3}{\376\377\000M\000e\000m\000b\000e\000r\000\040\000F\000u\000n\000c\000t\000i\000o\000n\000\040\000D\000o\000c\000u\000m\000e\000n\000t\000a\000t\000i\000o\000n}{section.6.11}
\BOOKMARK [3][-]{subsubsection.6.11.3.1}{\376\377\000d\000e\000c\000o\000d\000e\000M\000e\000s\000s\000a\000g\000e}{subsection.6.11.3}
\BOOKMARK [3][-]{subsubsection.6.11.3.2}{\376\377\000e\000x\000e\000c\000M\000e\000s\000s\000a\000g\000e}{subsection.6.11.3}
\BOOKMARK [3][-]{subsubsection.6.11.3.3}{\376\377\000e\000n\000c\000o\000d\000e\000F\000u\000n\000c\000R\000e\000s\000u\000l\000t}{subsection.6.11.3}
\BOOKMARK [3][-]{subsubsection.6.11.3.4}{\376\377\000s\000e\000n\000d\000R\000e\000s\000u\000l\000t}{subsection.6.11.3}
\BOOKMARK [3][-]{subsubsection.6.11.3.5}{\376\377\000C\000r\000e\000a\000t\000e\000N\000e\000w\000F\000u\000n\000c\000t\000i\000o\000n}{subsection.6.11.3}
\BOOKMARK [3][-]{subsubsection.6.11.3.6}{\376\377\000D\000e\000l\000e\000t\000e\000F\000u\000n\000c\000t\000i\000o\000n}{subsection.6.11.3}
\BOOKMARK [3][-]{subsubsection.6.11.3.7}{\376\377\000e\000n\000c\000o\000d\000e\000B\000l\000o\000c\000k}{subsection.6.11.3}
\BOOKMARK [3][-]{subsubsection.6.11.3.8}{\376\377\000S\000t\000a\000r\000t\000L\000i\000s\000t\000e\000n\000i\000n\000g}{subsection.6.11.3}
\BOOKMARK [3][-]{subsubsection.6.11.3.9}{\376\377\000S\000t\000o\000p\000L\000i\000s\000t\000e\000n\000i\000n\000g}{subsection.6.11.3}
\BOOKMARK [3][-]{subsubsection.6.11.3.10}{\376\377\000e\000q\000u\000i\000p\000\137\000r\000e\000a\000d\000i\000n\000g\000\137\000e\000v\000e\000n\000t}{subsection.6.11.3}
\BOOKMARK [3][-]{subsubsection.6.11.3.11}{\376\377\000e\000q\000u\000i\000p\000\137\000r\000e\000a\000d\000\137\000d\000a\000t\000a}{subsection.6.11.3}
\BOOKMARK [3][-]{subsubsection.6.11.3.12}{\376\377\000P\000r\000o\000c\000e\000s\000s\000M\000e\000s\000s\000a\000g\000e\000s}{subsection.6.11.3}
\BOOKMARK [3][-]{subsubsection.6.11.3.13}{\376\377\000g\000e\000t\000L\000i\000s\000t\000e\000n\000e\000r\000P\000o\000r\000t\000N\000u\000m}{subsection.6.11.3}
\BOOKMARK [3][-]{subsubsection.6.11.3.14}{\376\377\000t\000e\000r\000m\000i\000n\000a\000t\000e\000d}{subsection.6.11.3}
\BOOKMARK [3][-]{subsubsection.6.11.3.15}{\376\377\000t\000e\000r\000m\000i\000n\000a\000t\000e}{subsection.6.11.3}
\BOOKMARK [3][-]{subsubsection.6.11.3.16}{\376\377\000g\000e\000t\000S\000t\000a\000t\000e\000V\000e\000c\000t\000o\000r}{subsection.6.11.3}
\BOOKMARK [2][-]{subsection.6.11.4}{\376\377\000M\000e\000m\000b\000e\000r\000\040\000D\000a\000t\000a\000\040\000D\000o\000c\000u\000m\000e\000n\000t\000a\000t\000i\000o\000n}{section.6.11}
\BOOKMARK [3][-]{subsubsection.6.11.4.1}{\376\377\000A\000p\000p\000T\000e\000r\000m\000i\000n\000a\000t\000e\000d}{subsection.6.11.4}
\BOOKMARK [3][-]{subsubsection.6.11.4.2}{\376\377\000F\000u\000n\000c\000t\000i\000o\000n\000s}{subsection.6.11.4}
\BOOKMARK [3][-]{subsubsection.6.11.4.3}{\376\377\000f\000u\000n\000c\000\137\000q\000u\000a\000n\000t\000i\000t\000y}{subsection.6.11.4}
\BOOKMARK [3][-]{subsubsection.6.11.4.4}{\376\377\000i\000f\000C\000o\000u\000n\000t}{subsection.6.11.4}
\BOOKMARK [3][-]{subsubsection.6.11.4.5}{\376\377\000l\000i\000s\000t\000e\000n\000e\000r\000T\000h\000r\000e\000a\000d}{subsection.6.11.4}
\BOOKMARK [3][-]{subsubsection.6.11.4.6}{\376\377\000s\000e\000n\000d\000e\000r\000T\000h\000r\000e\000a\000d}{subsection.6.11.4}
\BOOKMARK [3][-]{subsubsection.6.11.4.7}{\376\377\000e\000q\000u\000i\000p\000L\000i\000s\000t\000e\000n\000T\000h\000r\000e\000a\000d}{subsection.6.11.4}
\BOOKMARK [3][-]{subsubsection.6.11.4.8}{\376\377\000c\000p\000L\000i\000s\000t\000e\000n\000e\000r\000P\000o\000r\000t\000N\000u\000m}{subsection.6.11.4}
\BOOKMARK [3][-]{subsubsection.6.11.4.9}{\376\377\000e\000q\000u\000i\000p\000\137\000l\000i\000s\000t\000e\000n}{subsection.6.11.4}
\BOOKMARK [3][-]{subsubsection.6.11.4.10}{\376\377\000S\000e\000r\000v\000i\000c\000e\000S\000t\000a\000t\000e}{subsection.6.11.4}
\BOOKMARK [3][-]{subsubsection.6.11.4.11}{\376\377\000c\000l\000i\000e\000n\000t\000s\000R\000e\000q\000u\000e\000s\000t\000s\000Q\000u\000e\000u\000e}{subsection.6.11.4}
\BOOKMARK [3][-]{subsubsection.6.11.4.12}{\376\377\000f\000u\000n\000c\000t\000i\000o\000n\000s\000A\000n\000s\000w\000e\000r\000s\000Q\000u\000e\000u\000e}{subsection.6.11.4}
\BOOKMARK [1][-]{section.6.12}{\376\377\000s\000s\000B\000l\000o\000c\000k\000\040\000S\000t\000r\000u\000c\000t\000\040\000R\000e\000f\000e\000r\000e\000n\000c\000e}{chapter.6}
\BOOKMARK [2][-]{subsection.6.12.1}{\376\377\000D\000e\000t\000a\000i\000l\000e\000d\000\040\000D\000e\000s\000c\000r\000i\000p\000t\000i\000o\000n}{section.6.12}
\BOOKMARK [2][-]{subsection.6.12.2}{\376\377\000M\000e\000m\000b\000e\000r\000\040\000D\000a\000t\000a\000\040\000D\000o\000c\000u\000m\000e\000n\000t\000a\000t\000i\000o\000n}{section.6.12}
\BOOKMARK [3][-]{subsubsection.6.12.2.1}{\376\377\000a\000d\000d\000r\000\137\000i\000n}{subsection.6.12.2}
\BOOKMARK [3][-]{subsubsection.6.12.2.2}{\376\377\000d\000a\000t\000a\000L\000e\000n}{subsection.6.12.2}
\BOOKMARK [3][-]{subsubsection.6.12.2.3}{\376\377\000d\000a\000t\000a}{subsection.6.12.2}
\BOOKMARK [1][-]{section.6.13}{\376\377\000s\000s\000B\000u\000f\000f\000e\000r\000\040\000C\000l\000a\000s\000s\000\040\000R\000e\000f\000e\000r\000e\000n\000c\000e}{chapter.6}
\BOOKMARK [2][-]{subsection.6.13.1}{\376\377\000D\000e\000t\000a\000i\000l\000e\000d\000\040\000D\000e\000s\000c\000r\000i\000p\000t\000i\000o\000n}{section.6.13}
\BOOKMARK [2][-]{subsection.6.13.2}{\376\377\000C\000o\000n\000s\000t\000r\000u\000c\000t\000o\000r\000\040\000\046\000\040\000D\000e\000s\000t\000r\000u\000c\000t\000o\000r\000\040\000D\000o\000c\000u\000m\000e\000n\000t\000a\000t\000i\000o\000n}{section.6.13}
\BOOKMARK [3][-]{subsubsection.6.13.2.1}{\376\377\000s\000s\000B\000u\000f\000f\000e\000r}{subsection.6.13.2}
\BOOKMARK [3][-]{subsubsection.6.13.2.2}{\376\377\000s\000s\000B\000u\000f\000f\000e\000r}{subsection.6.13.2}
\BOOKMARK [2][-]{subsection.6.13.3}{\376\377\000M\000e\000m\000b\000e\000r\000\040\000F\000u\000n\000c\000t\000i\000o\000n\000\040\000D\000o\000c\000u\000m\000e\000n\000t\000a\000t\000i\000o\000n}{section.6.13}
\BOOKMARK [3][-]{subsubsection.6.13.3.1}{\376\377\000p\000u\000s\000h\000B\000l\000o\000c\000k}{subsection.6.13.3}
\BOOKMARK [3][-]{subsubsection.6.13.3.2}{\376\377\000p\000o\000p\000B\000l\000o\000c\000k}{subsection.6.13.3}
\BOOKMARK [3][-]{subsubsection.6.13.3.3}{\376\377\000g\000e\000t\000B\000l\000o\000c\000k\000P\000t\000r\000A\000t}{subsection.6.13.3}
\BOOKMARK [3][-]{subsubsection.6.13.3.4}{\376\377\000g\000e\000t\000F\000r\000o\000n\000t\000B\000l\000o\000c\000k\000S\000i\000z\000e}{subsection.6.13.3}
\BOOKMARK [3][-]{subsubsection.6.13.3.5}{\376\377\000s\000i\000z\000e}{subsection.6.13.3}
\BOOKMARK [3][-]{subsubsection.6.13.3.6}{\376\377\000d\000b\000g\000P\000r\000i\000n\000t}{subsection.6.13.3}
\BOOKMARK [2][-]{subsection.6.13.4}{\376\377\000M\000e\000m\000b\000e\000r\000\040\000D\000a\000t\000a\000\040\000D\000o\000c\000u\000m\000e\000n\000t\000a\000t\000i\000o\000n}{section.6.13}
\BOOKMARK [3][-]{subsubsection.6.13.4.1}{\376\377\000b\000u\000f\000f\000e\000r}{subsection.6.13.4}
\BOOKMARK [1][-]{section.6.14}{\376\377\000s\000t\000a\000t\000e\000V\000e\000c\000t\000o\000r\000\137\000t\000y\000p\000e\000\040\000S\000t\000r\000u\000c\000t\000\040\000R\000e\000f\000e\000r\000e\000n\000c\000e}{chapter.6}
\BOOKMARK [2][-]{subsection.6.14.1}{\376\377\000D\000e\000t\000a\000i\000l\000e\000d\000\040\000D\000e\000s\000c\000r\000i\000p\000t\000i\000o\000n}{section.6.14}
\BOOKMARK [2][-]{subsection.6.14.2}{\376\377\000M\000e\000m\000b\000e\000r\000\040\000D\000a\000t\000a\000\040\000D\000o\000c\000u\000m\000e\000n\000t\000a\000t\000i\000o\000n}{section.6.14}
\BOOKMARK [3][-]{subsubsection.6.14.2.1}{\376\377\000r\000e\000s\000e\000r\000v\000e\000d}{subsection.6.14.2}
\BOOKMARK [3][-]{subsubsection.6.14.2.2}{\376\377\000s\000t\000a\000t\000e}{subsection.6.14.2}
\BOOKMARK [3][-]{subsubsection.6.14.2.3}{\376\377\000l\000a\000s\000t\000R\000e\000s\000u\000l\000t}{subsection.6.14.2}
\BOOKMARK [3][-]{subsubsection.6.14.2.4}{\376\377\000l\000a\000s\000t\000F\000u\000n\000c\000I\000d}{subsection.6.14.2}
\BOOKMARK [0][-]{chapter.7}{\376\377\000F\000i\000l\000e\000\040\000D\000o\000c\000u\000m\000e\000n\000t\000a\000t\000i\000o\000n}{}
\BOOKMARK [1][-]{section.7.1}{\376\377\000s\000r\000c\000/\000\137\000a\000u\000t\000o\000\137\000c\000o\000n\000f\000i\000g\000.\000h\000\040\000F\000i\000l\000e\000\040\000R\000e\000f\000e\000r\000e\000n\000c\000e}{chapter.7}
\BOOKMARK [2][-]{subsection.7.1.1}{\376\377\000D\000e\000f\000i\000n\000e\000\040\000D\000o\000c\000u\000m\000e\000n\000t\000a\000t\000i\000o\000n}{section.7.1}
\BOOKMARK [3][-]{subsubsection.7.1.1.1}{\376\377\000H\000A\000V\000E\000\137\000A\000R\000P\000A\000\137\000I\000N\000E\000T\000\137\000H}{subsection.7.1.1}
\BOOKMARK [3][-]{subsubsection.7.1.1.2}{\376\377\000H\000A\000V\000E\000\137\000I\000N\000T\000T\000Y\000P\000E\000S\000\137\000H}{subsection.7.1.1}
\BOOKMARK [3][-]{subsubsection.7.1.1.3}{\376\377\000H\000A\000V\000E\000\137\000M\000A\000L\000L\000O\000C}{subsection.7.1.1}
\BOOKMARK [3][-]{subsubsection.7.1.1.4}{\376\377\000H\000A\000V\000E\000\137\000M\000E\000M\000O\000R\000Y\000\137\000H}{subsection.7.1.1}
\BOOKMARK [3][-]{subsubsection.7.1.1.5}{\376\377\000H\000A\000V\000E\000\137\000N\000E\000T\000I\000N\000E\000T\000\137\000I\000N\000\137\000H}{subsection.7.1.1}
\BOOKMARK [3][-]{subsubsection.7.1.1.6}{\376\377\000H\000A\000V\000E\000\137\000R\000E\000A\000L\000L\000O\000C}{subsection.7.1.1}
\BOOKMARK [3][-]{subsubsection.7.1.1.7}{\376\377\000H\000A\000V\000E\000\137\000S\000O\000C\000K\000E\000T}{subsection.7.1.1}
\BOOKMARK [3][-]{subsubsection.7.1.1.8}{\376\377\000H\000A\000V\000E\000\137\000S\000T\000D\000B\000O\000O\000L\000\137\000H}{subsection.7.1.1}
\BOOKMARK [3][-]{subsubsection.7.1.1.9}{\376\377\000H\000A\000V\000E\000\137\000S\000T\000D\000D\000E\000F\000\137\000H}{subsection.7.1.1}
\BOOKMARK [3][-]{subsubsection.7.1.1.10}{\376\377\000H\000A\000V\000E\000\137\000S\000T\000D\000I\000N\000T\000\137\000H}{subsection.7.1.1}
\BOOKMARK [3][-]{subsubsection.7.1.1.11}{\376\377\000H\000A\000V\000E\000\137\000S\000T\000D\000L\000I\000B\000\137\000H}{subsection.7.1.1}
\BOOKMARK [3][-]{subsubsection.7.1.1.12}{\376\377\000H\000A\000V\000E\000\137\000S\000T\000R\000I\000N\000G\000S\000\137\000H}{subsection.7.1.1}
\BOOKMARK [3][-]{subsubsection.7.1.1.13}{\376\377\000H\000A\000V\000E\000\137\000S\000T\000R\000I\000N\000G\000\137\000H}{subsection.7.1.1}
\BOOKMARK [3][-]{subsubsection.7.1.1.14}{\376\377\000H\000A\000V\000E\000\137\000S\000Y\000S\000\137\000S\000O\000C\000K\000E\000T\000\137\000H}{subsection.7.1.1}
\BOOKMARK [3][-]{subsubsection.7.1.1.15}{\376\377\000H\000A\000V\000E\000\137\000S\000Y\000S\000\137\000S\000T\000A\000T\000\137\000H}{subsection.7.1.1}
\BOOKMARK [3][-]{subsubsection.7.1.1.16}{\376\377\000H\000A\000V\000E\000\137\000S\000Y\000S\000\137\000T\000Y\000P\000E\000S\000\137\000H}{subsection.7.1.1}
\BOOKMARK [3][-]{subsubsection.7.1.1.17}{\376\377\000H\000A\000V\000E\000\137\000U\000N\000I\000S\000T\000D\000\137\000H}{subsection.7.1.1}
\BOOKMARK [3][-]{subsubsection.7.1.1.18}{\376\377\000H\000A\000V\000E\000\137\000\137\000B\000O\000O\000L}{subsection.7.1.1}
\BOOKMARK [3][-]{subsubsection.7.1.1.19}{\376\377\000P\000A\000C\000K\000A\000G\000E}{subsection.7.1.1}
\BOOKMARK [3][-]{subsubsection.7.1.1.20}{\376\377\000P\000A\000C\000K\000A\000G\000E\000\137\000B\000U\000G\000R\000E\000P\000O\000R\000T}{subsection.7.1.1}
\BOOKMARK [3][-]{subsubsection.7.1.1.21}{\376\377\000P\000A\000C\000K\000A\000G\000E\000\137\000N\000A\000M\000E}{subsection.7.1.1}
\BOOKMARK [3][-]{subsubsection.7.1.1.22}{\376\377\000P\000A\000C\000K\000A\000G\000E\000\137\000S\000T\000R\000I\000N\000G}{subsection.7.1.1}
\BOOKMARK [3][-]{subsubsection.7.1.1.23}{\376\377\000P\000A\000C\000K\000A\000G\000E\000\137\000T\000A\000R\000N\000A\000M\000E}{subsection.7.1.1}
\BOOKMARK [3][-]{subsubsection.7.1.1.24}{\376\377\000P\000A\000C\000K\000A\000G\000E\000\137\000U\000R\000L}{subsection.7.1.1}
\BOOKMARK [3][-]{subsubsection.7.1.1.25}{\376\377\000P\000A\000C\000K\000A\000G\000E\000\137\000V\000E\000R\000S\000I\000O\000N}{subsection.7.1.1}
\BOOKMARK [3][-]{subsubsection.7.1.1.26}{\376\377\000S\000T\000D\000C\000\137\000H\000E\000A\000D\000E\000R\000S}{subsection.7.1.1}
\BOOKMARK [3][-]{subsubsection.7.1.1.27}{\376\377\000V\000E\000R\000S\000I\000O\000N}{subsection.7.1.1}
\BOOKMARK [1][-]{section.7.2}{\376\377\000s\000r\000c\000/\000\137\000g\000l\000o\000b\000a\000l\000.\000c\000p\000p\000\040\000F\000i\000l\000e\000\040\000R\000e\000f\000e\000r\000e\000n\000c\000e}{chapter.7}
\BOOKMARK [2][-]{subsection.7.2.1}{\376\377\000D\000e\000t\000a\000i\000l\000e\000d\000\040\000D\000e\000s\000c\000r\000i\000p\000t\000i\000o\000n}{section.7.2}
\BOOKMARK [2][-]{subsection.7.2.2}{\376\377\000V\000a\000r\000i\000a\000b\000l\000e\000\040\000D\000o\000c\000u\000m\000e\000n\000t\000a\000t\000i\000o\000n}{section.7.2}
\BOOKMARK [3][-]{subsubsection.7.2.2.1}{\376\377\000v\000e\000r\000b\000o\000s\000e\000\137\000l\000e\000v\000e\000l}{subsection.7.2.2}
\BOOKMARK [3][-]{subsubsection.7.2.2.2}{\376\377\000l\000i\000s\000t\000e\000n\000\137\000m\000o\000d\000e}{subsection.7.2.2}
\BOOKMARK [3][-]{subsubsection.7.2.2.3}{\376\377\000a\000w\000a\000i\000t\000i\000n\000g\000P\000a\000t\000t\000e\000r\000n\000\137\000m\000o\000d\000e}{subsection.7.2.2}
\BOOKMARK [3][-]{subsubsection.7.2.2.4}{\376\377\000p\000a\000t\000t\000e\000r\000n\000\137\000f\000o\000u\000n\000d}{subsection.7.2.2}
\BOOKMARK [3][-]{subsubsection.7.2.2.5}{\376\377\000p\000a\000t\000t\000e\000r\000n\000F\000i\000l\000e}{subsection.7.2.2}
\BOOKMARK [3][-]{subsubsection.7.2.2.6}{\376\377\000r\000e\000a\000c\000t\000i\000o\000n\000F\000i\000l\000e}{subsection.7.2.2}
\BOOKMARK [3][-]{subsubsection.7.2.2.7}{\376\377\000d\000a\000t\000a\000F\000i\000l\000e}{subsection.7.2.2}
\BOOKMARK [3][-]{subsubsection.7.2.2.8}{\376\377\000i\000f\000\137\000n\000a\000m\000e}{subsection.7.2.2}
\BOOKMARK [3][-]{subsubsection.7.2.2.9}{\376\377\000A\000p\000p\000T\000e\000r\000m\000i\000n\000a\000t\000e\000d}{subsection.7.2.2}
\BOOKMARK [3][-]{subsubsection.7.2.2.10}{\376\377\000e\000q\000\137\000i\000p\000\137\000a\000d\000d\000r}{subsection.7.2.2}
\BOOKMARK [3][-]{subsubsection.7.2.2.11}{\376\377\000w\000U\000d\000p}{subsection.7.2.2}
\BOOKMARK [3][-]{subsubsection.7.2.2.12}{\376\377\000e\000q\000\137\000u\000d\000p\000\137\000l\000i\000s\000t\000e\000n\000\137\000p\000o\000r\000t}{subsection.7.2.2}
\BOOKMARK [3][-]{subsubsection.7.2.2.13}{\376\377\000e\000q\000\137\000u\000d\000p\000\137\000s\000e\000n\000d\000i\000n\000g\000\137\000p\000o\000r\000t}{subsection.7.2.2}
\BOOKMARK [3][-]{subsubsection.7.2.2.14}{\376\377\000e\000q\000u\000i\000p\000A\000d\000d\000r}{subsection.7.2.2}
\BOOKMARK [1][-]{section.7.3}{\376\377\000s\000r\000c\000/\000\137\000g\000l\000o\000b\000a\000l\000.\000h\000\040\000F\000i\000l\000e\000\040\000R\000e\000f\000e\000r\000e\000n\000c\000e}{chapter.7}
\BOOKMARK [2][-]{subsection.7.3.1}{\376\377\000D\000e\000t\000a\000i\000l\000e\000d\000\040\000D\000e\000s\000c\000r\000i\000p\000t\000i\000o\000n}{section.7.3}
\BOOKMARK [2][-]{subsection.7.3.2}{\376\377\000V\000a\000r\000i\000a\000b\000l\000e\000\040\000D\000o\000c\000u\000m\000e\000n\000t\000a\000t\000i\000o\000n}{section.7.3}
\BOOKMARK [3][-]{subsubsection.7.3.2.1}{\376\377\000A\000p\000p\000T\000e\000r\000m\000i\000n\000a\000t\000e\000d}{subsection.7.3.2}
\BOOKMARK [3][-]{subsubsection.7.3.2.2}{\376\377\000a\000w\000a\000i\000t\000i\000n\000g\000P\000a\000t\000t\000e\000r\000n\000\137\000m\000o\000d\000e}{subsection.7.3.2}
\BOOKMARK [3][-]{subsubsection.7.3.2.3}{\376\377\000p\000a\000t\000t\000e\000r\000n\000\137\000f\000o\000u\000n\000d}{subsection.7.3.2}
\BOOKMARK [3][-]{subsubsection.7.3.2.4}{\376\377\000v\000e\000r\000b\000o\000s\000e\000\137\000l\000e\000v\000e\000l}{subsection.7.3.2}
\BOOKMARK [3][-]{subsubsection.7.3.2.5}{\376\377\000l\000i\000s\000t\000e\000n\000\137\000m\000o\000d\000e}{subsection.7.3.2}
\BOOKMARK [3][-]{subsubsection.7.3.2.6}{\376\377\000e\000q\000\137\000i\000p\000\137\000a\000d\000d\000r}{subsection.7.3.2}
\BOOKMARK [3][-]{subsubsection.7.3.2.7}{\376\377\000d\000a\000t\000a\000F\000i\000l\000e}{subsection.7.3.2}
\BOOKMARK [3][-]{subsubsection.7.3.2.8}{\376\377\000i\000f\000\137\000n\000a\000m\000e}{subsection.7.3.2}
\BOOKMARK [3][-]{subsubsection.7.3.2.9}{\376\377\000p\000a\000t\000t\000e\000r\000n\000F\000i\000l\000e}{subsection.7.3.2}
\BOOKMARK [3][-]{subsubsection.7.3.2.10}{\376\377\000r\000e\000a\000c\000t\000i\000o\000n\000F\000i\000l\000e}{subsection.7.3.2}
\BOOKMARK [3][-]{subsubsection.7.3.2.11}{\376\377\000e\000q\000\137\000u\000d\000p\000\137\000l\000i\000s\000t\000e\000n\000\137\000p\000o\000r\000t}{subsection.7.3.2}
\BOOKMARK [3][-]{subsubsection.7.3.2.12}{\376\377\000e\000q\000\137\000u\000d\000p\000\137\000s\000e\000n\000d\000i\000n\000g\000\137\000p\000o\000r\000t}{subsection.7.3.2}
\BOOKMARK [3][-]{subsubsection.7.3.2.13}{\376\377\000e\000q\000u\000i\000p\000A\000d\000d\000r}{subsection.7.3.2}
\BOOKMARK [3][-]{subsubsection.7.3.2.14}{\376\377\000w\000U\000d\000p}{subsection.7.3.2}
\BOOKMARK [1][-]{section.7.4}{\376\377\000s\000r\000c\000/\000a\000r\000g\000\137\000p\000a\000r\000s\000e\000r\000/\000c\000a\000r\000g\000\137\000p\000a\000r\000s\000e\000r\000.\000c\000p\000p\000\040\000F\000i\000l\000e\000\040\000R\000e\000f\000e\000r\000e\000n\000c\000e}{chapter.7}
\BOOKMARK [2][-]{subsection.7.4.1}{\376\377\000F\000u\000n\000c\000t\000i\000o\000n\000\040\000D\000o\000c\000u\000m\000e\000n\000t\000a\000t\000i\000o\000n}{section.7.4}
\BOOKMARK [3][-]{subsubsection.7.4.1.1}{\376\377\000a\000p\000\137\000r\000e\000s\000i\000z\000e\000\137\000b\000u\000f\000f\000e\000r}{subsection.7.4.1}
\BOOKMARK [3][-]{subsubsection.7.4.1.2}{\376\377\000p\000u\000s\000h\000\137\000b\000a\000c\000k\000\137\000r\000e\000c\000o\000r\000d}{subsection.7.4.1}
\BOOKMARK [3][-]{subsubsection.7.4.1.3}{\376\377\000a\000d\000d\000\137\000e\000r\000r\000o\000r}{subsection.7.4.1}
\BOOKMARK [3][-]{subsubsection.7.4.1.4}{\376\377\000f\000r\000e\000e\000\137\000d\000a\000t\000a}{subsection.7.4.1}
\BOOKMARK [3][-]{subsubsection.7.4.1.5}{\376\377\000p\000a\000r\000s\000e\000\137\000l\000o\000n\000g\000\137\000o\000p\000t\000i\000o\000n}{subsection.7.4.1}
\BOOKMARK [3][-]{subsubsection.7.4.1.6}{\376\377\000p\000a\000r\000s\000e\000\137\000s\000h\000o\000r\000t\000\137\000o\000p\000t\000i\000o\000n}{subsection.7.4.1}
\BOOKMARK [3][-]{subsubsection.7.4.1.7}{\376\377\000a\000p\000\137\000i\000n\000i\000t}{subsection.7.4.1}
\BOOKMARK [3][-]{subsubsection.7.4.1.8}{\376\377\000a\000p\000\137\000f\000r\000e\000e}{subsection.7.4.1}
\BOOKMARK [3][-]{subsubsection.7.4.1.9}{\376\377\000a\000p\000\137\000e\000r\000r\000o\000r}{subsection.7.4.1}
\BOOKMARK [3][-]{subsubsection.7.4.1.10}{\376\377\000a\000p\000\137\000a\000r\000g\000u\000m\000e\000n\000t\000s}{subsection.7.4.1}
\BOOKMARK [3][-]{subsubsection.7.4.1.11}{\376\377\000a\000p\000\137\000c\000o\000d\000e}{subsection.7.4.1}
\BOOKMARK [3][-]{subsubsection.7.4.1.12}{\376\377\000a\000p\000\137\000a\000r\000g\000u\000m\000e\000n\000t}{subsection.7.4.1}
\BOOKMARK [1][-]{section.7.5}{\376\377\000s\000r\000c\000/\000a\000r\000g\000\137\000p\000a\000r\000s\000e\000r\000/\000c\000a\000r\000g\000\137\000p\000a\000r\000s\000e\000r\000.\000h\000\040\000F\000i\000l\000e\000\040\000R\000e\000f\000e\000r\000e\000n\000c\000e}{chapter.7}
\BOOKMARK [2][-]{subsection.7.5.1}{\376\377\000E\000n\000u\000m\000e\000r\000a\000t\000i\000o\000n\000\040\000T\000y\000p\000e\000\040\000D\000o\000c\000u\000m\000e\000n\000t\000a\000t\000i\000o\000n}{section.7.5}
\BOOKMARK [3][-]{subsubsection.7.5.1.1}{\376\377\000a\000p\000\137\000H\000a\000s\000\137\000a\000r\000g}{subsection.7.5.1}
\BOOKMARK [2][-]{subsection.7.5.2}{\376\377\000F\000u\000n\000c\000t\000i\000o\000n\000\040\000D\000o\000c\000u\000m\000e\000n\000t\000a\000t\000i\000o\000n}{section.7.5}
\BOOKMARK [3][-]{subsubsection.7.5.2.1}{\376\377\000a\000p\000\137\000i\000n\000i\000t}{subsection.7.5.2}
\BOOKMARK [3][-]{subsubsection.7.5.2.2}{\376\377\000a\000p\000\137\000f\000r\000e\000e}{subsection.7.5.2}
\BOOKMARK [3][-]{subsubsection.7.5.2.3}{\376\377\000a\000p\000\137\000e\000r\000r\000o\000r}{subsection.7.5.2}
\BOOKMARK [3][-]{subsubsection.7.5.2.4}{\376\377\000a\000p\000\137\000a\000r\000g\000u\000m\000e\000n\000t\000s}{subsection.7.5.2}
\BOOKMARK [3][-]{subsubsection.7.5.2.5}{\376\377\000a\000p\000\137\000c\000o\000d\000e}{subsection.7.5.2}
\BOOKMARK [3][-]{subsubsection.7.5.2.6}{\376\377\000a\000p\000\137\000a\000r\000g\000u\000m\000e\000n\000t}{subsection.7.5.2}
\BOOKMARK [1][-]{section.7.6}{\376\377\000s\000r\000c\000/\000a\000u\000t\000o\000\137\000c\000o\000n\000f\000i\000g\000.\000h\000\040\000F\000i\000l\000e\000\040\000R\000e\000f\000e\000r\000e\000n\000c\000e}{chapter.7}
\BOOKMARK [2][-]{subsection.7.6.1}{\376\377\000D\000e\000f\000i\000n\000e\000\040\000D\000o\000c\000u\000m\000e\000n\000t\000a\000t\000i\000o\000n}{section.7.6}
\BOOKMARK [3][-]{subsubsection.7.6.1.1}{\376\377\000H\000A\000V\000E\000\137\000A\000R\000P\000A\000\137\000I\000N\000E\000T\000\137\000H}{subsection.7.6.1}
\BOOKMARK [3][-]{subsubsection.7.6.1.2}{\376\377\000H\000A\000V\000E\000\137\000I\000N\000T\000T\000Y\000P\000E\000S\000\137\000H}{subsection.7.6.1}
\BOOKMARK [3][-]{subsubsection.7.6.1.3}{\376\377\000H\000A\000V\000E\000\137\000M\000A\000L\000L\000O\000C}{subsection.7.6.1}
\BOOKMARK [3][-]{subsubsection.7.6.1.4}{\376\377\000H\000A\000V\000E\000\137\000M\000E\000M\000O\000R\000Y\000\137\000H}{subsection.7.6.1}
\BOOKMARK [3][-]{subsubsection.7.6.1.5}{\376\377\000H\000A\000V\000E\000\137\000N\000E\000T\000I\000N\000E\000T\000\137\000I\000N\000\137\000H}{subsection.7.6.1}
\BOOKMARK [3][-]{subsubsection.7.6.1.6}{\376\377\000H\000A\000V\000E\000\137\000R\000E\000A\000L\000L\000O\000C}{subsection.7.6.1}
\BOOKMARK [3][-]{subsubsection.7.6.1.7}{\376\377\000H\000A\000V\000E\000\137\000S\000O\000C\000K\000E\000T}{subsection.7.6.1}
\BOOKMARK [3][-]{subsubsection.7.6.1.8}{\376\377\000H\000A\000V\000E\000\137\000S\000T\000D\000B\000O\000O\000L\000\137\000H}{subsection.7.6.1}
\BOOKMARK [3][-]{subsubsection.7.6.1.9}{\376\377\000H\000A\000V\000E\000\137\000S\000T\000D\000D\000E\000F\000\137\000H}{subsection.7.6.1}
\BOOKMARK [3][-]{subsubsection.7.6.1.10}{\376\377\000H\000A\000V\000E\000\137\000S\000T\000D\000I\000N\000T\000\137\000H}{subsection.7.6.1}
\BOOKMARK [3][-]{subsubsection.7.6.1.11}{\376\377\000H\000A\000V\000E\000\137\000S\000T\000D\000L\000I\000B\000\137\000H}{subsection.7.6.1}
\BOOKMARK [3][-]{subsubsection.7.6.1.12}{\376\377\000H\000A\000V\000E\000\137\000S\000T\000R\000I\000N\000G\000S\000\137\000H}{subsection.7.6.1}
\BOOKMARK [3][-]{subsubsection.7.6.1.13}{\376\377\000H\000A\000V\000E\000\137\000S\000T\000R\000I\000N\000G\000\137\000H}{subsection.7.6.1}
\BOOKMARK [3][-]{subsubsection.7.6.1.14}{\376\377\000H\000A\000V\000E\000\137\000S\000Y\000S\000\137\000S\000O\000C\000K\000E\000T\000\137\000H}{subsection.7.6.1}
\BOOKMARK [3][-]{subsubsection.7.6.1.15}{\376\377\000H\000A\000V\000E\000\137\000S\000Y\000S\000\137\000S\000T\000A\000T\000\137\000H}{subsection.7.6.1}
\BOOKMARK [3][-]{subsubsection.7.6.1.16}{\376\377\000H\000A\000V\000E\000\137\000S\000Y\000S\000\137\000T\000Y\000P\000E\000S\000\137\000H}{subsection.7.6.1}
\BOOKMARK [3][-]{subsubsection.7.6.1.17}{\376\377\000H\000A\000V\000E\000\137\000U\000N\000I\000S\000T\000D\000\137\000H}{subsection.7.6.1}
\BOOKMARK [3][-]{subsubsection.7.6.1.18}{\376\377\000H\000A\000V\000E\000\137\000\137\000B\000O\000O\000L}{subsection.7.6.1}
\BOOKMARK [3][-]{subsubsection.7.6.1.19}{\376\377\000P\000A\000C\000K\000A\000G\000E}{subsection.7.6.1}
\BOOKMARK [3][-]{subsubsection.7.6.1.20}{\376\377\000P\000A\000C\000K\000A\000G\000E\000\137\000B\000U\000G\000R\000E\000P\000O\000R\000T}{subsection.7.6.1}
\BOOKMARK [3][-]{subsubsection.7.6.1.21}{\376\377\000P\000A\000C\000K\000A\000G\000E\000\137\000N\000A\000M\000E}{subsection.7.6.1}
\BOOKMARK [3][-]{subsubsection.7.6.1.22}{\376\377\000P\000A\000C\000K\000A\000G\000E\000\137\000S\000T\000R\000I\000N\000G}{subsection.7.6.1}
\BOOKMARK [3][-]{subsubsection.7.6.1.23}{\376\377\000P\000A\000C\000K\000A\000G\000E\000\137\000T\000A\000R\000N\000A\000M\000E}{subsection.7.6.1}
\BOOKMARK [3][-]{subsubsection.7.6.1.24}{\376\377\000P\000A\000C\000K\000A\000G\000E\000\137\000U\000R\000L}{subsection.7.6.1}
\BOOKMARK [3][-]{subsubsection.7.6.1.25}{\376\377\000P\000A\000C\000K\000A\000G\000E\000\137\000V\000E\000R\000S\000I\000O\000N}{subsection.7.6.1}
\BOOKMARK [3][-]{subsubsection.7.6.1.26}{\376\377\000S\000T\000D\000C\000\137\000H\000E\000A\000D\000E\000R\000S}{subsection.7.6.1}
\BOOKMARK [3][-]{subsubsection.7.6.1.27}{\376\377\000V\000E\000R\000S\000I\000O\000N}{subsection.7.6.1}
\BOOKMARK [1][-]{section.7.7}{\376\377\000s\000r\000c\000/\000b\000u\000f\000f\000e\000r\000/\000b\000u\000f\000f\000e\000r\000.\000c\000p\000p\000\040\000F\000i\000l\000e\000\040\000R\000e\000f\000e\000r\000e\000n\000c\000e}{chapter.7}
\BOOKMARK [2][-]{subsection.7.7.1}{\376\377\000D\000e\000t\000a\000i\000l\000e\000d\000\040\000D\000e\000s\000c\000r\000i\000p\000t\000i\000o\000n}{section.7.7}
\BOOKMARK [1][-]{section.7.8}{\376\377\000s\000r\000c\000/\000b\000u\000f\000f\000e\000r\000/\000b\000u\000f\000f\000e\000r\000.\000h\000\040\000F\000i\000l\000e\000\040\000R\000e\000f\000e\000r\000e\000n\000c\000e}{chapter.7}
\BOOKMARK [2][-]{subsection.7.8.1}{\376\377\000D\000e\000t\000a\000i\000l\000e\000d\000\040\000D\000e\000s\000c\000r\000i\000p\000t\000i\000o\000n}{section.7.8}
\BOOKMARK [1][-]{section.7.9}{\376\377\000s\000r\000c\000/\000b\000u\000f\000f\000e\000r\000/\000s\000s\000B\000u\000f\000f\000e\000r\000.\000c\000p\000p\000\040\000F\000i\000l\000e\000\040\000R\000e\000f\000e\000r\000e\000n\000c\000e}{chapter.7}
\BOOKMARK [2][-]{subsection.7.9.1}{\376\377\000D\000e\000t\000a\000i\000l\000e\000d\000\040\000D\000e\000s\000c\000r\000i\000p\000t\000i\000o\000n}{section.7.9}
\BOOKMARK [1][-]{section.7.10}{\376\377\000s\000r\000c\000/\000b\000u\000f\000f\000e\000r\000/\000s\000s\000B\000u\000f\000f\000e\000r\000.\000h\000\040\000F\000i\000l\000e\000\040\000R\000e\000f\000e\000r\000e\000n\000c\000e}{chapter.7}
\BOOKMARK [2][-]{subsection.7.10.1}{\376\377\000D\000e\000t\000a\000i\000l\000e\000d\000\040\000D\000e\000s\000c\000r\000i\000p\000t\000i\000o\000n}{section.7.10}
\BOOKMARK [2][-]{subsection.7.10.2}{\376\377\000T\000y\000p\000e\000d\000e\000f\000\040\000D\000o\000c\000u\000m\000e\000n\000t\000a\000t\000i\000o\000n}{section.7.10}
\BOOKMARK [3][-]{subsubsection.7.10.2.1}{\376\377\000s\000s\000B\000l\000o\000c\000k}{subsection.7.10.2}
\BOOKMARK [1][-]{section.7.11}{\376\377\000s\000r\000c\000/\000c\000o\000n\000f\000i\000g\000.\000h\000\040\000F\000i\000l\000e\000\040\000R\000e\000f\000e\000r\000e\000n\000c\000e}{chapter.7}
\BOOKMARK [1][-]{section.7.12}{\376\377\000s\000r\000c\000/\000c\000o\000n\000s\000o\000l\000e\000\137\000o\000u\000t\000.\000c\000p\000p\000\040\000F\000i\000l\000e\000\040\000R\000e\000f\000e\000r\000e\000n\000c\000e}{chapter.7}
\BOOKMARK [2][-]{subsection.7.12.1}{\376\377\000D\000e\000t\000a\000i\000l\000e\000d\000\040\000D\000e\000s\000c\000r\000i\000p\000t\000i\000o\000n}{section.7.12}
\BOOKMARK [2][-]{subsection.7.12.2}{\376\377\000D\000e\000f\000i\000n\000e\000\040\000D\000o\000c\000u\000m\000e\000n\000t\000a\000t\000i\000o\000n}{section.7.12}
\BOOKMARK [3][-]{subsubsection.7.12.2.1}{\376\377\000R\000E\000V\000I\000S\000I\000O\000N}{subsection.7.12.2}
\BOOKMARK [2][-]{subsection.7.12.3}{\376\377\000F\000u\000n\000c\000t\000i\000o\000n\000\040\000D\000o\000c\000u\000m\000e\000n\000t\000a\000t\000i\000o\000n}{section.7.12}
\BOOKMARK [3][-]{subsubsection.7.12.3.1}{\376\377\000s\000h\000o\000w\000\137\000h\000e\000l\000p}{subsection.7.12.3}
\BOOKMARK [3][-]{subsubsection.7.12.3.2}{\376\377\000s\000h\000o\000w\000\137\000v\000e\000r\000s\000i\000o\000n}{subsection.7.12.3}
\BOOKMARK [3][-]{subsubsection.7.12.3.3}{\376\377\000s\000h\000o\000w\000\137\000e\000r\000r\000o\000r}{subsection.7.12.3}
\BOOKMARK [3][-]{subsubsection.7.12.3.4}{\376\377\000i\000n\000t\000e\000r\000n\000a\000l\000\137\000e\000r\000r\000o\000r}{subsection.7.12.3}
\BOOKMARK [3][-]{subsubsection.7.12.3.5}{\376\377\000o\000p\000t\000n\000a\000m\000e}{subsection.7.12.3}
\BOOKMARK [2][-]{subsection.7.12.4}{\376\377\000V\000a\000r\000i\000a\000b\000l\000e\000\040\000D\000o\000c\000u\000m\000e\000n\000t\000a\000t\000i\000o\000n}{section.7.12}
\BOOKMARK [3][-]{subsubsection.7.12.4.1}{\376\377\000P\000R\000O\000G\000V\000E\000R\000S\000I\000O\000N}{subsection.7.12.4}
\BOOKMARK [3][-]{subsubsection.7.12.4.2}{\376\377\000P\000r\000o\000g\000r\000a\000m\000\137\000n\000a\000m\000e}{subsection.7.12.4}
\BOOKMARK [3][-]{subsubsection.7.12.4.3}{\376\377\000p\000r\000o\000g\000r\000a\000m\000\137\000n\000a\000m\000e}{subsection.7.12.4}
\BOOKMARK [3][-]{subsubsection.7.12.4.4}{\376\377\000p\000r\000o\000g\000r\000a\000m\000\137\000y\000e\000a\000r}{subsection.7.12.4}
\BOOKMARK [1][-]{section.7.13}{\376\377\000s\000r\000c\000/\000c\000o\000n\000s\000o\000l\000e\000\137\000o\000u\000t\000.\000h\000\040\000F\000i\000l\000e\000\040\000R\000e\000f\000e\000r\000e\000n\000c\000e}{chapter.7}
\BOOKMARK [2][-]{subsection.7.13.1}{\376\377\000D\000e\000t\000a\000i\000l\000e\000d\000\040\000D\000e\000s\000c\000r\000i\000p\000t\000i\000o\000n}{section.7.13}
\BOOKMARK [2][-]{subsection.7.13.2}{\376\377\000F\000u\000n\000c\000t\000i\000o\000n\000\040\000D\000o\000c\000u\000m\000e\000n\000t\000a\000t\000i\000o\000n}{section.7.13}
\BOOKMARK [3][-]{subsubsection.7.13.2.1}{\376\377\000s\000h\000o\000w\000\137\000h\000e\000l\000p}{subsection.7.13.2}
\BOOKMARK [3][-]{subsubsection.7.13.2.2}{\376\377\000s\000h\000o\000w\000\137\000v\000e\000r\000s\000i\000o\000n}{subsection.7.13.2}
\BOOKMARK [3][-]{subsubsection.7.13.2.3}{\376\377\000s\000h\000o\000w\000\137\000e\000r\000r\000o\000r}{subsection.7.13.2}
\BOOKMARK [3][-]{subsubsection.7.13.2.4}{\376\377\000i\000n\000t\000e\000r\000n\000a\000l\000\137\000e\000r\000r\000o\000r}{subsection.7.13.2}
\BOOKMARK [3][-]{subsubsection.7.13.2.5}{\376\377\000o\000p\000t\000n\000a\000m\000e}{subsection.7.13.2}
\BOOKMARK [2][-]{subsection.7.13.3}{\376\377\000V\000a\000r\000i\000a\000b\000l\000e\000\040\000D\000o\000c\000u\000m\000e\000n\000t\000a\000t\000i\000o\000n}{section.7.13}
\BOOKMARK [3][-]{subsubsection.7.13.3.1}{\376\377\000P\000R\000O\000G\000V\000E\000R\000S\000I\000O\000N}{subsection.7.13.3}
\BOOKMARK [3][-]{subsubsection.7.13.3.2}{\376\377\000P\000r\000o\000g\000r\000a\000m\000\137\000n\000a\000m\000e}{subsection.7.13.3}
\BOOKMARK [3][-]{subsubsection.7.13.3.3}{\376\377\000p\000r\000o\000g\000r\000a\000m\000\137\000n\000a\000m\000e}{subsection.7.13.3}
\BOOKMARK [3][-]{subsubsection.7.13.3.4}{\376\377\000p\000r\000o\000g\000r\000a\000m\000\137\000y\000e\000a\000r}{subsection.7.13.3}
\BOOKMARK [1][-]{section.7.14}{\376\377\000s\000r\000c\000/\000d\000e\000q\000U\000d\000p\000/\000d\000e\000q\000U\000d\000p\000.\000c\000p\000p\000\040\000F\000i\000l\000e\000\040\000R\000e\000f\000e\000r\000e\000n\000c\000e}{chapter.7}
\BOOKMARK [2][-]{subsection.7.14.1}{\376\377\000D\000e\000t\000a\000i\000l\000e\000d\000\040\000D\000e\000s\000c\000r\000i\000p\000t\000i\000o\000n}{section.7.14}
\BOOKMARK [1][-]{section.7.15}{\376\377\000s\000r\000c\000/\000d\000e\000q\000U\000d\000p\000/\000d\000e\000q\000U\000d\000p\000.\000h\000\040\000F\000i\000l\000e\000\040\000R\000e\000f\000e\000r\000e\000n\000c\000e}{chapter.7}
\BOOKMARK [2][-]{subsection.7.15.1}{\376\377\000D\000e\000t\000a\000i\000l\000e\000d\000\040\000D\000e\000s\000c\000r\000i\000p\000t\000i\000o\000n}{section.7.15}
\BOOKMARK [1][-]{section.7.16}{\376\377\000s\000r\000c\000/\000f\000u\000n\000c\000t\000i\000o\000n\000s\000/\000c\000o\000m\000m\000o\000n\000F\000u\000n\000c\000s\000M\000g\000r\000.\000c\000p\000p\000\040\000F\000i\000l\000e\000\040\000R\000e\000f\000e\000r\000e\000n\000c\000e}{chapter.7}
\BOOKMARK [2][-]{subsection.7.16.1}{\376\377\000D\000e\000t\000a\000i\000l\000e\000d\000\040\000D\000e\000s\000c\000r\000i\000p\000t\000i\000o\000n}{section.7.16}
\BOOKMARK [2][-]{subsection.7.16.2}{\376\377\000F\000u\000n\000c\000t\000i\000o\000n\000\040\000D\000o\000c\000u\000m\000e\000n\000t\000a\000t\000i\000o\000n}{section.7.16}
\BOOKMARK [3][-]{subsubsection.7.16.2.1}{\376\377\000e\000q\000u\000i\000p\000L\000i\000s\000t\000e\000n\000P\000o\000l\000l\000i\000n\000g}{subsection.7.16.2}
\BOOKMARK [1][-]{section.7.17}{\376\377\000s\000r\000c\000/\000f\000u\000n\000c\000t\000i\000o\000n\000s\000/\000c\000o\000m\000m\000o\000n\000F\000u\000n\000c\000s\000M\000g\000r\000.\000h\000\040\000F\000i\000l\000e\000\040\000R\000e\000f\000e\000r\000e\000n\000c\000e}{chapter.7}
\BOOKMARK [2][-]{subsection.7.17.1}{\376\377\000D\000e\000t\000a\000i\000l\000e\000d\000\040\000D\000e\000s\000c\000r\000i\000p\000t\000i\000o\000n}{section.7.17}
\BOOKMARK [2][-]{subsection.7.17.2}{\376\377\000F\000u\000n\000c\000t\000i\000o\000n\000\040\000D\000o\000c\000u\000m\000e\000n\000t\000a\000t\000i\000o\000n}{section.7.17}
\BOOKMARK [3][-]{subsubsection.7.17.2.1}{\376\377\000e\000q\000u\000i\000p\000L\000i\000s\000t\000e\000n\000P\000o\000l\000l\000i\000n\000g}{subsection.7.17.2}
\BOOKMARK [1][-]{section.7.18}{\376\377\000s\000r\000c\000/\000f\000u\000n\000c\000t\000i\000o\000n\000s\000/\000s\000p\000e\000c\000F\000u\000n\000c\000s\000M\000g\000r\000.\000h\000\040\000F\000i\000l\000e\000\040\000R\000e\000f\000e\000r\000e\000n\000c\000e}{chapter.7}
\BOOKMARK [2][-]{subsection.7.18.1}{\376\377\000D\000e\000t\000a\000i\000l\000e\000d\000\040\000D\000e\000s\000c\000r\000i\000p\000t\000i\000o\000n}{section.7.18}
\BOOKMARK [1][-]{section.7.19}{\376\377\000s\000r\000c\000/\000m\000a\000i\000n\000.\000c\000p\000p\000\040\000F\000i\000l\000e\000\040\000R\000e\000f\000e\000r\000e\000n\000c\000e}{chapter.7}
\BOOKMARK [2][-]{subsection.7.19.1}{\376\377\000D\000e\000t\000a\000i\000l\000e\000d\000\040\000D\000e\000s\000c\000r\000i\000p\000t\000i\000o\000n}{section.7.19}
\BOOKMARK [2][-]{subsection.7.19.2}{\376\377\000F\000u\000n\000c\000t\000i\000o\000n\000\040\000D\000o\000c\000u\000m\000e\000n\000t\000a\000t\000i\000o\000n}{section.7.19}
\BOOKMARK [3][-]{subsubsection.7.19.2.1}{\376\377\000p\000r\000o\000c\000e\000s\000s\000\137\000c\000m\000d\000L\000i\000n\000e}{subsection.7.19.2}
\BOOKMARK [3][-]{subsubsection.7.19.2.2}{\376\377\000f\000i\000l\000e\000R\000e\000a\000d}{subsection.7.19.2}
\BOOKMARK [3][-]{subsubsection.7.19.2.3}{\376\377\000d\000b\000g\000\137\000h\000e\000x\000\137\000p\000r\000i\000n\000t}{subsection.7.19.2}
\BOOKMARK [3][-]{subsubsection.7.19.2.4}{\376\377\000a\000p\000p\000I\000n\000i\000t}{subsection.7.19.2}
\BOOKMARK [3][-]{subsubsection.7.19.2.5}{\376\377\000a\000p\000p\000D\000e\000i\000n\000i\000t}{subsection.7.19.2}
\BOOKMARK [3][-]{subsubsection.7.19.2.6}{\376\377\000m\000a\000i\000n}{subsection.7.19.2}
\BOOKMARK [1][-]{section.7.20}{\376\377\000s\000r\000c\000/\000S\000I\000G\000\137\000h\000a\000n\000d\000l\000e\000r\000.\000c\000p\000p\000\040\000F\000i\000l\000e\000\040\000R\000e\000f\000e\000r\000e\000n\000c\000e}{chapter.7}
\BOOKMARK [2][-]{subsection.7.20.1}{\376\377\000D\000e\000t\000a\000i\000l\000e\000d\000\040\000D\000e\000s\000c\000r\000i\000p\000t\000i\000o\000n}{section.7.20}
\BOOKMARK [2][-]{subsection.7.20.2}{\376\377\000F\000u\000n\000c\000t\000i\000o\000n\000\040\000D\000o\000c\000u\000m\000e\000n\000t\000a\000t\000i\000o\000n}{section.7.20}
\BOOKMARK [3][-]{subsubsection.7.20.2.1}{\376\377\000t\000e\000r\000m\000\137\000h\000a\000n\000d\000l\000e\000r}{subsection.7.20.2}
\BOOKMARK [3][-]{subsubsection.7.20.2.2}{\376\377\000i\000n\000s\000t\000a\000l\000l\000S\000I\000G\000h\000a\000n\000d\000l\000e\000r\000s}{subsection.7.20.2}
\BOOKMARK [2][-]{subsection.7.20.3}{\376\377\000V\000a\000r\000i\000a\000b\000l\000e\000\040\000D\000o\000c\000u\000m\000e\000n\000t\000a\000t\000i\000o\000n}{section.7.20}
\BOOKMARK [3][-]{subsubsection.7.20.3.1}{\376\377\000S\000I\000G\000T\000E\000R\000M\000\137\000h\000a\000n\000d\000l\000e\000r}{subsection.7.20.3}
\BOOKMARK [1][-]{section.7.21}{\376\377\000s\000r\000c\000/\000S\000I\000G\000\137\000h\000a\000n\000d\000l\000e\000r\000.\000h\000\040\000F\000i\000l\000e\000\040\000R\000e\000f\000e\000r\000e\000n\000c\000e}{chapter.7}
\BOOKMARK [2][-]{subsection.7.21.1}{\376\377\000D\000e\000t\000a\000i\000l\000e\000d\000\040\000D\000e\000s\000c\000r\000i\000p\000t\000i\000o\000n}{section.7.21}
\BOOKMARK [2][-]{subsection.7.21.2}{\376\377\000F\000u\000n\000c\000t\000i\000o\000n\000\040\000D\000o\000c\000u\000m\000e\000n\000t\000a\000t\000i\000o\000n}{section.7.21}
\BOOKMARK [3][-]{subsubsection.7.21.2.1}{\376\377\000i\000n\000s\000t\000a\000l\000l\000S\000I\000G\000h\000a\000n\000d\000l\000e\000r\000s}{subsection.7.21.2}
\BOOKMARK [1][-]{section.7.22}{\376\377\000s\000r\000c\000/\000s\000r\000v\000A\000p\000p\000L\000a\000y\000e\000r\000/\000f\000u\000n\000c\000t\000i\000o\000n\000N\000o\000d\000e\000/\000f\000u\000n\000c\000t\000i\000o\000n\000N\000o\000d\000e\000.\000c\000p\000p\000\040\000F\000i\000l\000e\000\040\000R\000e\000f\000e\000r\000e\000n\000c\000e}{chapter.7}
\BOOKMARK [2][-]{subsection.7.22.1}{\376\377\000D\000e\000t\000a\000i\000l\000e\000d\000\040\000D\000e\000s\000c\000r\000i\000p\000t\000i\000o\000n}{section.7.22}
\BOOKMARK [1][-]{section.7.23}{\376\377\000s\000r\000c\000/\000s\000r\000v\000A\000p\000p\000L\000a\000y\000e\000r\000/\000f\000u\000n\000c\000t\000i\000o\000n\000N\000o\000d\000e\000/\000f\000u\000n\000c\000t\000i\000o\000n\000N\000o\000d\000e\000.\000h\000\040\000F\000i\000l\000e\000\040\000R\000e\000f\000e\000r\000e\000n\000c\000e}{chapter.7}
\BOOKMARK [2][-]{subsection.7.23.1}{\376\377\000D\000e\000t\000a\000i\000l\000e\000d\000\040\000D\000e\000s\000c\000r\000i\000p\000t\000i\000o\000n}{section.7.23}
\BOOKMARK [1][-]{section.7.24}{\376\377\000s\000r\000c\000/\000s\000r\000v\000A\000p\000p\000L\000a\000y\000e\000r\000/\000f\000u\000n\000c\000t\000i\000o\000n\000N\000o\000d\000e\000/\000p\000a\000r\000a\000m\000\137\000d\000e\000s\000c\000.\000c\000p\000p\000\040\000F\000i\000l\000e\000\040\000R\000e\000f\000e\000r\000e\000n\000c\000e}{chapter.7}
\BOOKMARK [2][-]{subsection.7.24.1}{\376\377\000D\000e\000t\000a\000i\000l\000e\000d\000\040\000D\000e\000s\000c\000r\000i\000p\000t\000i\000o\000n}{section.7.24}
\BOOKMARK [1][-]{section.7.25}{\376\377\000s\000r\000c\000/\000s\000r\000v\000A\000p\000p\000L\000a\000y\000e\000r\000/\000f\000u\000n\000c\000t\000i\000o\000n\000N\000o\000d\000e\000/\000p\000a\000r\000a\000m\000\137\000d\000e\000s\000c\000.\000h\000\040\000F\000i\000l\000e\000\040\000R\000e\000f\000e\000r\000e\000n\000c\000e}{chapter.7}
\BOOKMARK [2][-]{subsection.7.25.1}{\376\377\000D\000e\000t\000a\000i\000l\000e\000d\000\040\000D\000e\000s\000c\000r\000i\000p\000t\000i\000o\000n}{section.7.25}
\BOOKMARK [1][-]{section.7.26}{\376\377\000s\000r\000c\000/\000s\000r\000v\000A\000p\000p\000L\000a\000y\000e\000r\000/\000s\000r\000v\000A\000p\000p\000L\000a\000y\000e\000r\000.\000c\000p\000p\000\040\000F\000i\000l\000e\000\040\000R\000e\000f\000e\000r\000e\000n\000c\000e}{chapter.7}
\BOOKMARK [2][-]{subsection.7.26.1}{\376\377\000D\000e\000t\000a\000i\000l\000e\000d\000\040\000D\000e\000s\000c\000r\000i\000p\000t\000i\000o\000n}{section.7.26}
\BOOKMARK [2][-]{subsection.7.26.2}{\376\377\000F\000u\000n\000c\000t\000i\000o\000n\000\040\000D\000o\000c\000u\000m\000e\000n\000t\000a\000t\000i\000o\000n}{section.7.26}
\BOOKMARK [3][-]{subsubsection.7.26.2.1}{\376\377\000u\000d\000p\000S\000e\000n\000d\000e\000r\000T\000h\000r\000e\000a\000d}{subsection.7.26.2}
\BOOKMARK [3][-]{subsubsection.7.26.2.2}{\376\377\000u\000d\000p\000L\000i\000s\000t\000e\000n\000e\000r\000T\000h\000r\000e\000a\000d}{subsection.7.26.2}
\BOOKMARK [2][-]{subsection.7.26.3}{\376\377\000V\000a\000r\000i\000a\000b\000l\000e\000\040\000D\000o\000c\000u\000m\000e\000n\000t\000a\000t\000i\000o\000n}{section.7.26}
\BOOKMARK [3][-]{subsubsection.7.26.3.1}{\376\377\000r\000c\000v\000C\000o\000m\000p\000l\000e\000t\000e\000\137\000f\000l\000a\000g}{subsection.7.26.3}
\BOOKMARK [3][-]{subsubsection.7.26.3.2}{\376\377\000s\000n\000d\000A\000l\000l\000o\000w\000\137\000f\000l\000a\000g}{subsection.7.26.3}
\BOOKMARK [3][-]{subsubsection.7.26.3.3}{\376\377\000a\000p\000p}{subsection.7.26.3}
\BOOKMARK [1][-]{section.7.27}{\376\377\000s\000r\000c\000/\000s\000r\000v\000A\000p\000p\000L\000a\000y\000e\000r\000/\000s\000r\000v\000A\000p\000p\000L\000a\000y\000e\000r\000.\000h\000\040\000F\000i\000l\000e\000\040\000R\000e\000f\000e\000r\000e\000n\000c\000e}{chapter.7}
\BOOKMARK [2][-]{subsection.7.27.1}{\376\377\000D\000e\000t\000a\000i\000l\000e\000d\000\040\000D\000e\000s\000c\000r\000i\000p\000t\000i\000o\000n}{section.7.27}
\BOOKMARK [2][-]{subsection.7.27.2}{\376\377\000T\000y\000p\000e\000d\000e\000f\000\040\000D\000o\000c\000u\000m\000e\000n\000t\000a\000t\000i\000o\000n}{section.7.27}
\BOOKMARK [3][-]{subsubsection.7.27.2.1}{\376\377\000s\000e\000r\000v\000i\000c\000e\000S\000t\000a\000t\000e}{subsection.7.27.2}
\BOOKMARK [3][-]{subsubsection.7.27.2.2}{\376\377\000s\000t\000a\000t\000e\000V\000e\000c\000t\000o\000r\000\137\000t\000y\000p\000e}{subsection.7.27.2}
\BOOKMARK [2][-]{subsection.7.27.3}{\376\377\000V\000a\000r\000i\000a\000b\000l\000e\000\040\000D\000o\000c\000u\000m\000e\000n\000t\000a\000t\000i\000o\000n}{section.7.27}
\BOOKMARK [3][-]{subsubsection.7.27.3.1}{\376\377\000a\000p\000p}{subsection.7.27.3}
